[2024-01-20 05:10:06.869 +01:00  INF]  User profile is available. Using 'C:\Users\Domonkos\AppData\Local\ASP.NET\DataProtection-Keys' as key repository and Windows DPAPI to encrypt keys at rest.
[2024-01-20 05:10:14.934 +01:00  ERR]  An error occurred using the connection to database 'CommunityTraining' on server '(LocalDB)\MSSQLLocalDB'.
[2024-01-20 05:10:14.980 +01:00  ERR]  An exception occurred while iterating over the results of a query for context type 'CommunityTrainingAPI.Models.CommunityTrainingContext'.
System.InvalidOperationException: An exception has been raised that is likely due to a transient failure. Consider enabling transient error resiliency by adding 'EnableRetryOnFailure' to the 'UseSqlServer' call.
 ---> Microsoft.Data.SqlClient.SqlException (0x80131904): Cannot open database "CommunityTraining" requested by the login. The login failed.
Login failed for user 'DESKTOP-B5NE1F3\Domonkos'.
   at Microsoft.Data.SqlClient.SqlInternalConnection.OnError(SqlException exception, Boolean breakConnection, Action`1 wrapCloseInAction)
   at Microsoft.Data.SqlClient.TdsParser.ThrowExceptionAndWarning(TdsParserStateObject stateObj, Boolean callerHasConnectionLock, Boolean asyncClose)
   at Microsoft.Data.SqlClient.TdsParser.TryRun(RunBehavior runBehavior, SqlCommand cmdHandler, SqlDataReader dataStream, BulkCopySimpleResultSet bulkCopyHandler, TdsParserStateObject stateObj, Boolean& dataReady)
   at Microsoft.Data.SqlClient.TdsParser.Run(RunBehavior runBehavior, SqlCommand cmdHandler, SqlDataReader dataStream, BulkCopySimpleResultSet bulkCopyHandler, TdsParserStateObject stateObj)
   at Microsoft.Data.SqlClient.SqlInternalConnectionTds.CompleteLogin(Boolean enlistOK)
   at Microsoft.Data.SqlClient.SqlInternalConnectionTds.AttemptOneLogin(ServerInfo serverInfo, String newPassword, SecureString newSecurePassword, Boolean ignoreSniOpenTimeout, TimeoutTimer timeout, Boolean withFailover)
   at Microsoft.Data.SqlClient.SqlInternalConnectionTds.LoginNoFailover(ServerInfo serverInfo, String newPassword, SecureString newSecurePassword, Boolean redirectedUserInstance, SqlConnectionString connectionOptions, SqlCredential credential, TimeoutTimer timeout)
   at Microsoft.Data.SqlClient.SqlInternalConnectionTds.OpenLoginEnlist(TimeoutTimer timeout, SqlConnectionString connectionOptions, SqlCredential credential, String newPassword, SecureString newSecurePassword, Boolean redirectedUserInstance)
   at Microsoft.Data.SqlClient.SqlInternalConnectionTds..ctor(DbConnectionPoolIdentity identity, SqlConnectionString connectionOptions, SqlCredential credential, Object providerInfo, String newPassword, SecureString newSecurePassword, Boolean redirectedUserInstance, SqlConnectionString userConnectionOptions, SessionData reconnectSessionData, Boolean applyTransientFaultHandling, String accessToken, DbConnectionPool pool)
   at Microsoft.Data.SqlClient.SqlConnectionFactory.CreateConnection(DbConnectionOptions options, DbConnectionPoolKey poolKey, Object poolGroupProviderInfo, DbConnectionPool pool, DbConnection owningConnection, DbConnectionOptions userOptions)
   at Microsoft.Data.ProviderBase.DbConnectionFactory.CreatePooledConnection(DbConnectionPool pool, DbConnection owningObject, DbConnectionOptions options, DbConnectionPoolKey poolKey, DbConnectionOptions userOptions)
   at Microsoft.Data.ProviderBase.DbConnectionPool.CreateObject(DbConnection owningObject, DbConnectionOptions userOptions, DbConnectionInternal oldConnection)
   at Microsoft.Data.ProviderBase.DbConnectionPool.UserCreateRequest(DbConnection owningObject, DbConnectionOptions userOptions, DbConnectionInternal oldConnection)
   at Microsoft.Data.ProviderBase.DbConnectionPool.TryGetConnection(DbConnection owningObject, UInt32 waitForMultipleObjectsTimeout, Boolean allowCreate, Boolean onlyOneCheckConnection, DbConnectionOptions userOptions, DbConnectionInternal& connection)
   at Microsoft.Data.ProviderBase.DbConnectionPool.WaitForPendingOpen()
--- End of stack trace from previous location ---
   at Microsoft.EntityFrameworkCore.Storage.RelationalConnection.OpenInternalAsync(Boolean errorsExpected, CancellationToken cancellationToken)
   at Microsoft.EntityFrameworkCore.Storage.RelationalConnection.OpenInternalAsync(Boolean errorsExpected, CancellationToken cancellationToken)
   at Microsoft.EntityFrameworkCore.Storage.RelationalConnection.OpenAsync(CancellationToken cancellationToken, Boolean errorsExpected)
   at Microsoft.EntityFrameworkCore.Storage.RelationalCommand.ExecuteReaderAsync(RelationalCommandParameterObject parameterObject, CancellationToken cancellationToken)
   at Microsoft.EntityFrameworkCore.Query.Internal.SingleQueryingEnumerable`1.AsyncEnumerator.InitializeReaderAsync(AsyncEnumerator enumerator, CancellationToken cancellationToken)
   at Microsoft.EntityFrameworkCore.SqlServer.Storage.Internal.SqlServerExecutionStrategy.ExecuteAsync[TState,TResult](TState state, Func`4 operation, Func`4 verifySucceeded, CancellationToken cancellationToken)
ClientConnectionId:884a3ad1-6e05-4263-a203-ba24bb93baf7
Error Number:4060,State:1,Class:11
   --- End of inner exception stack trace ---
   at Microsoft.EntityFrameworkCore.SqlServer.Storage.Internal.SqlServerExecutionStrategy.ExecuteAsync[TState,TResult](TState state, Func`4 operation, Func`4 verifySucceeded, CancellationToken cancellationToken)
   at Microsoft.EntityFrameworkCore.Query.Internal.SingleQueryingEnumerable`1.AsyncEnumerator.MoveNextAsync()
System.InvalidOperationException: An exception has been raised that is likely due to a transient failure. Consider enabling transient error resiliency by adding 'EnableRetryOnFailure' to the 'UseSqlServer' call.
 ---> Microsoft.Data.SqlClient.SqlException (0x80131904): Cannot open database "CommunityTraining" requested by the login. The login failed.
Login failed for user 'DESKTOP-B5NE1F3\Domonkos'.
   at Microsoft.Data.SqlClient.SqlInternalConnection.OnError(SqlException exception, Boolean breakConnection, Action`1 wrapCloseInAction)
   at Microsoft.Data.SqlClient.TdsParser.ThrowExceptionAndWarning(TdsParserStateObject stateObj, Boolean callerHasConnectionLock, Boolean asyncClose)
   at Microsoft.Data.SqlClient.TdsParser.TryRun(RunBehavior runBehavior, SqlCommand cmdHandler, SqlDataReader dataStream, BulkCopySimpleResultSet bulkCopyHandler, TdsParserStateObject stateObj, Boolean& dataReady)
   at Microsoft.Data.SqlClient.TdsParser.Run(RunBehavior runBehavior, SqlCommand cmdHandler, SqlDataReader dataStream, BulkCopySimpleResultSet bulkCopyHandler, TdsParserStateObject stateObj)
   at Microsoft.Data.SqlClient.SqlInternalConnectionTds.CompleteLogin(Boolean enlistOK)
   at Microsoft.Data.SqlClient.SqlInternalConnectionTds.AttemptOneLogin(ServerInfo serverInfo, String newPassword, SecureString newSecurePassword, Boolean ignoreSniOpenTimeout, TimeoutTimer timeout, Boolean withFailover)
   at Microsoft.Data.SqlClient.SqlInternalConnectionTds.LoginNoFailover(ServerInfo serverInfo, String newPassword, SecureString newSecurePassword, Boolean redirectedUserInstance, SqlConnectionString connectionOptions, SqlCredential credential, TimeoutTimer timeout)
   at Microsoft.Data.SqlClient.SqlInternalConnectionTds.OpenLoginEnlist(TimeoutTimer timeout, SqlConnectionString connectionOptions, SqlCredential credential, String newPassword, SecureString newSecurePassword, Boolean redirectedUserInstance)
   at Microsoft.Data.SqlClient.SqlInternalConnectionTds..ctor(DbConnectionPoolIdentity identity, SqlConnectionString connectionOptions, SqlCredential credential, Object providerInfo, String newPassword, SecureString newSecurePassword, Boolean redirectedUserInstance, SqlConnectionString userConnectionOptions, SessionData reconnectSessionData, Boolean applyTransientFaultHandling, String accessToken, DbConnectionPool pool)
   at Microsoft.Data.SqlClient.SqlConnectionFactory.CreateConnection(DbConnectionOptions options, DbConnectionPoolKey poolKey, Object poolGroupProviderInfo, DbConnectionPool pool, DbConnection owningConnection, DbConnectionOptions userOptions)
   at Microsoft.Data.ProviderBase.DbConnectionFactory.CreatePooledConnection(DbConnectionPool pool, DbConnection owningObject, DbConnectionOptions options, DbConnectionPoolKey poolKey, DbConnectionOptions userOptions)
   at Microsoft.Data.ProviderBase.DbConnectionPool.CreateObject(DbConnection owningObject, DbConnectionOptions userOptions, DbConnectionInternal oldConnection)
   at Microsoft.Data.ProviderBase.DbConnectionPool.UserCreateRequest(DbConnection owningObject, DbConnectionOptions userOptions, DbConnectionInternal oldConnection)
   at Microsoft.Data.ProviderBase.DbConnectionPool.TryGetConnection(DbConnection owningObject, UInt32 waitForMultipleObjectsTimeout, Boolean allowCreate, Boolean onlyOneCheckConnection, DbConnectionOptions userOptions, DbConnectionInternal& connection)
   at Microsoft.Data.ProviderBase.DbConnectionPool.WaitForPendingOpen()
--- End of stack trace from previous location ---
   at Microsoft.EntityFrameworkCore.Storage.RelationalConnection.OpenInternalAsync(Boolean errorsExpected, CancellationToken cancellationToken)
   at Microsoft.EntityFrameworkCore.Storage.RelationalConnection.OpenInternalAsync(Boolean errorsExpected, CancellationToken cancellationToken)
   at Microsoft.EntityFrameworkCore.Storage.RelationalConnection.OpenAsync(CancellationToken cancellationToken, Boolean errorsExpected)
   at Microsoft.EntityFrameworkCore.Storage.RelationalCommand.ExecuteReaderAsync(RelationalCommandParameterObject parameterObject, CancellationToken cancellationToken)
   at Microsoft.EntityFrameworkCore.Query.Internal.SingleQueryingEnumerable`1.AsyncEnumerator.InitializeReaderAsync(AsyncEnumerator enumerator, CancellationToken cancellationToken)
   at Microsoft.EntityFrameworkCore.SqlServer.Storage.Internal.SqlServerExecutionStrategy.ExecuteAsync[TState,TResult](TState state, Func`4 operation, Func`4 verifySucceeded, CancellationToken cancellationToken)
ClientConnectionId:884a3ad1-6e05-4263-a203-ba24bb93baf7
Error Number:4060,State:1,Class:11
   --- End of inner exception stack trace ---
   at Microsoft.EntityFrameworkCore.SqlServer.Storage.Internal.SqlServerExecutionStrategy.ExecuteAsync[TState,TResult](TState state, Func`4 operation, Func`4 verifySucceeded, CancellationToken cancellationToken)
   at Microsoft.EntityFrameworkCore.Query.Internal.SingleQueryingEnumerable`1.AsyncEnumerator.MoveNextAsync()
[2024-01-20 05:12:49.114 +01:00  INF]  Executed DbCommand (679ms) [Parameters=[], CommandType='"Text"', CommandTimeout='60']
CREATE DATABASE [CommunityTraining];
[2024-01-20 05:12:49.465 +01:00  INF]  Executed DbCommand (287ms) [Parameters=[], CommandType='"Text"', CommandTimeout='60']
IF SERVERPROPERTY('EngineEdition') <> 5
BEGIN
    ALTER DATABASE [CommunityTraining] SET READ_COMMITTED_SNAPSHOT ON;
END;
[2024-01-20 05:12:49.512 +01:00  INF]  Executed DbCommand (22ms) [Parameters=[], CommandType='"Text"', CommandTimeout='30']
SELECT 1
[2024-01-20 05:12:49.620 +01:00  INF]  Executed DbCommand (29ms) [Parameters=[], CommandType='"Text"', CommandTimeout='30']
CREATE TABLE [__EFMigrationsHistory] (
    [MigrationId] nvarchar(150) NOT NULL,
    [ProductVersion] nvarchar(32) NOT NULL,
    CONSTRAINT [PK___EFMigrationsHistory] PRIMARY KEY ([MigrationId])
);
[2024-01-20 05:12:49.623 +01:00  INF]  Executed DbCommand (1ms) [Parameters=[], CommandType='"Text"', CommandTimeout='30']
SELECT 1
[2024-01-20 05:12:49.659 +01:00  INF]  Executed DbCommand (31ms) [Parameters=[], CommandType='"Text"', CommandTimeout='30']
SELECT OBJECT_ID(N'[__EFMigrationsHistory]');
[2024-01-20 05:12:49.693 +01:00  INF]  Executed DbCommand (30ms) [Parameters=[], CommandType='"Text"', CommandTimeout='30']
SELECT [MigrationId], [ProductVersion]
FROM [__EFMigrationsHistory]
ORDER BY [MigrationId];
[2024-01-20 05:12:49.725 +01:00  INF]  Applying migration '20240120041201_commTrainMigrations'.
[2024-01-20 05:12:49.876 +01:00  INF]  Executed DbCommand (17ms) [Parameters=[], CommandType='"Text"', CommandTimeout='30']
CREATE TABLE [AspNetRoles] (
    [Id] nvarchar(450) NOT NULL,
    [Name] nvarchar(256) NULL,
    [NormalizedName] nvarchar(256) NULL,
    [ConcurrencyStamp] nvarchar(max) NULL,
    CONSTRAINT [PK_AspNetRoles] PRIMARY KEY ([Id])
);
[2024-01-20 05:12:49.881 +01:00  INF]  Executed DbCommand (3ms) [Parameters=[], CommandType='"Text"', CommandTimeout='30']
CREATE TABLE [AspNetUsers] (
    [Id] nvarchar(450) NOT NULL,
    [UserName] nvarchar(256) NULL,
    [NormalizedUserName] nvarchar(256) NULL,
    [Email] nvarchar(256) NULL,
    [NormalizedEmail] nvarchar(256) NULL,
    [EmailConfirmed] bit NOT NULL,
    [PasswordHash] nvarchar(max) NULL,
    [SecurityStamp] nvarchar(max) NULL,
    [ConcurrencyStamp] nvarchar(max) NULL,
    [PhoneNumber] nvarchar(max) NULL,
    [PhoneNumberConfirmed] bit NOT NULL,
    [TwoFactorEnabled] bit NOT NULL,
    [LockoutEnd] datetimeoffset NULL,
    [LockoutEnabled] bit NOT NULL,
    [AccessFailedCount] int NOT NULL,
    CONSTRAINT [PK_AspNetUsers] PRIMARY KEY ([Id])
);
[2024-01-20 05:12:49.885 +01:00  INF]  Executed DbCommand (4ms) [Parameters=[], CommandType='"Text"', CommandTimeout='30']
CREATE TABLE [Categories] (
    [Id] int NOT NULL IDENTITY,
    [Name] nvarchar(max) NOT NULL,
    CONSTRAINT [PK_Categories] PRIMARY KEY ([Id])
);
[2024-01-20 05:12:49.892 +01:00  INF]  Executed DbCommand (6ms) [Parameters=[], CommandType='"Text"', CommandTimeout='30']
CREATE TABLE [AspNetRoleClaims] (
    [Id] int NOT NULL IDENTITY,
    [RoleId] nvarchar(450) NOT NULL,
    [ClaimType] nvarchar(max) NULL,
    [ClaimValue] nvarchar(max) NULL,
    CONSTRAINT [PK_AspNetRoleClaims] PRIMARY KEY ([Id]),
    CONSTRAINT [FK_AspNetRoleClaims_AspNetRoles_RoleId] FOREIGN KEY ([RoleId]) REFERENCES [AspNetRoles] ([Id]) ON DELETE CASCADE
);
[2024-01-20 05:12:49.896 +01:00  INF]  Executed DbCommand (4ms) [Parameters=[], CommandType='"Text"', CommandTimeout='30']
CREATE TABLE [AspNetUserClaims] (
    [Id] int NOT NULL IDENTITY,
    [UserId] nvarchar(450) NOT NULL,
    [ClaimType] nvarchar(max) NULL,
    [ClaimValue] nvarchar(max) NULL,
    CONSTRAINT [PK_AspNetUserClaims] PRIMARY KEY ([Id]),
    CONSTRAINT [FK_AspNetUserClaims_AspNetUsers_UserId] FOREIGN KEY ([UserId]) REFERENCES [AspNetUsers] ([Id]) ON DELETE CASCADE
);
[2024-01-20 05:12:50.199 +01:00  INF]  Executed DbCommand (8ms) [Parameters=[], CommandType='"Text"', CommandTimeout='30']
CREATE TABLE [AspNetUserLogins] (
    [LoginProvider] nvarchar(450) NOT NULL,
    [ProviderKey] nvarchar(450) NOT NULL,
    [ProviderDisplayName] nvarchar(max) NULL,
    [UserId] nvarchar(450) NOT NULL,
    CONSTRAINT [PK_AspNetUserLogins] PRIMARY KEY ([LoginProvider], [ProviderKey]),
    CONSTRAINT [FK_AspNetUserLogins_AspNetUsers_UserId] FOREIGN KEY ([UserId]) REFERENCES [AspNetUsers] ([Id]) ON DELETE CASCADE
);
[2024-01-20 05:12:50.204 +01:00  INF]  Executed DbCommand (5ms) [Parameters=[], CommandType='"Text"', CommandTimeout='30']
CREATE TABLE [AspNetUserRoles] (
    [UserId] nvarchar(450) NOT NULL,
    [RoleId] nvarchar(450) NOT NULL,
    CONSTRAINT [PK_AspNetUserRoles] PRIMARY KEY ([UserId], [RoleId]),
    CONSTRAINT [FK_AspNetUserRoles_AspNetRoles_RoleId] FOREIGN KEY ([RoleId]) REFERENCES [AspNetRoles] ([Id]) ON DELETE CASCADE,
    CONSTRAINT [FK_AspNetUserRoles_AspNetUsers_UserId] FOREIGN KEY ([UserId]) REFERENCES [AspNetUsers] ([Id]) ON DELETE CASCADE
);
[2024-01-20 05:12:50.210 +01:00  INF]  Executed DbCommand (5ms) [Parameters=[], CommandType='"Text"', CommandTimeout='30']
CREATE TABLE [AspNetUserTokens] (
    [UserId] nvarchar(450) NOT NULL,
    [LoginProvider] nvarchar(450) NOT NULL,
    [Name] nvarchar(450) NOT NULL,
    [Value] nvarchar(max) NULL,
    CONSTRAINT [PK_AspNetUserTokens] PRIMARY KEY ([UserId], [LoginProvider], [Name]),
    CONSTRAINT [FK_AspNetUserTokens_AspNetUsers_UserId] FOREIGN KEY ([UserId]) REFERENCES [AspNetUsers] ([Id]) ON DELETE CASCADE
);
[2024-01-20 05:12:51.625 +01:00  INF]  Executed DbCommand (5ms) [Parameters=[], CommandType='"Text"', CommandTimeout='30']
CREATE TABLE [TrainingPlans] (
    [Id] int NOT NULL IDENTITY,
    [Name] nvarchar(255) NOT NULL,
    [CategoryId] int NOT NULL,
    [RunningInKms] real NOT NULL,
    [PushUps] int NOT NULL,
    [PullUps] int NOT NULL,
    [LegLifts] int NOT NULL,
    CONSTRAINT [PK_TrainingPlans] PRIMARY KEY ([Id]),
    CONSTRAINT [FK_TrainingPlans_Categories_CategoryId] FOREIGN KEY ([CategoryId]) REFERENCES [Categories] ([Id]) ON DELETE CASCADE
);
[2024-01-20 05:12:51.628 +01:00  INF]  Executed DbCommand (3ms) [Parameters=[], CommandType='"Text"', CommandTimeout='30']
CREATE TABLE [ResultsTables] (
    [Id] int NOT NULL IDENTITY,
    [Name] nvarchar(255) NOT NULL,
    [TrainingPlanId] int NOT NULL,
    [RuninngResult] int NOT NULL,
    [PushUpsResult] int NOT NULL,
    [PullUpsResult] int NOT NULL,
    [LegLiftsResult] int NOT NULL,
    CONSTRAINT [PK_ResultsTables] PRIMARY KEY ([Id]),
    CONSTRAINT [FK_ResultsTables_TrainingPlans_TrainingPlanId] FOREIGN KEY ([TrainingPlanId]) REFERENCES [TrainingPlans] ([Id]) ON DELETE CASCADE
);
[2024-01-20 05:12:51.789 +01:00  INF]  Executed DbCommand (161ms) [Parameters=[], CommandType='"Text"', CommandTimeout='30']
IF EXISTS (SELECT * FROM [sys].[identity_columns] WHERE [name] IN (N'Id', N'Name') AND [object_id] = OBJECT_ID(N'[Categories]'))
    SET IDENTITY_INSERT [Categories] ON;
INSERT INTO [Categories] ([Id], [Name])
VALUES (1, N'beginner'),
(2, N'medium'),
(3, N'advanced');
IF EXISTS (SELECT * FROM [sys].[identity_columns] WHERE [name] IN (N'Id', N'Name') AND [object_id] = OBJECT_ID(N'[Categories]'))
    SET IDENTITY_INSERT [Categories] OFF;
[2024-01-20 05:12:51.810 +01:00  INF]  Executed DbCommand (21ms) [Parameters=[], CommandType='"Text"', CommandTimeout='30']
IF EXISTS (SELECT * FROM [sys].[identity_columns] WHERE [name] IN (N'Id', N'CategoryId', N'LegLifts', N'Name', N'PullUps', N'PushUps', N'RunningInKms') AND [object_id] = OBJECT_ID(N'[TrainingPlans]'))
    SET IDENTITY_INSERT [TrainingPlans] ON;
INSERT INTO [TrainingPlans] ([Id], [CategoryId], [LegLifts], [Name], [PullUps], [PushUps], [RunningInKms])
VALUES (1, 1, 50, N'Easier', 25, 50, CAST(5 AS real)),
(2, 2, 100, N'Medium', 50, 100, CAST(10 AS real));
IF EXISTS (SELECT * FROM [sys].[identity_columns] WHERE [name] IN (N'Id', N'CategoryId', N'LegLifts', N'Name', N'PullUps', N'PushUps', N'RunningInKms') AND [object_id] = OBJECT_ID(N'[TrainingPlans]'))
    SET IDENTITY_INSERT [TrainingPlans] OFF;
[2024-01-20 05:12:52.806 +01:00  INF]  Executed DbCommand (52ms) [Parameters=[], CommandType='"Text"', CommandTimeout='30']
IF EXISTS (SELECT * FROM [sys].[identity_columns] WHERE [name] IN (N'Id', N'LegLiftsResult', N'Name', N'PullUpsResult', N'PushUpsResult', N'RuninngResult', N'TrainingPlanId') AND [object_id] = OBJECT_ID(N'[ResultsTables]'))
    SET IDENTITY_INSERT [ResultsTables] ON;
INSERT INTO [ResultsTables] ([Id], [LegLiftsResult], [Name], [PullUpsResult], [PushUpsResult], [RuninngResult], [TrainingPlanId])
VALUES (11, 10, N'Adam''s result', 10, 4, 35, 1),
(12, 5, N'Eve''s result', 15, 4, 30, 1),
(21, 15, N'Peter''s result', 20, 10, 60, 2);
IF EXISTS (SELECT * FROM [sys].[identity_columns] WHERE [name] IN (N'Id', N'LegLiftsResult', N'Name', N'PullUpsResult', N'PushUpsResult', N'RuninngResult', N'TrainingPlanId') AND [object_id] = OBJECT_ID(N'[ResultsTables]'))
    SET IDENTITY_INSERT [ResultsTables] OFF;
[2024-01-20 05:12:52.817 +01:00  INF]  Executed DbCommand (10ms) [Parameters=[], CommandType='"Text"', CommandTimeout='30']
CREATE INDEX [IX_AspNetRoleClaims_RoleId] ON [AspNetRoleClaims] ([RoleId]);
[2024-01-20 05:12:52.821 +01:00  INF]  Executed DbCommand (4ms) [Parameters=[], CommandType='"Text"', CommandTimeout='30']
CREATE UNIQUE INDEX [RoleNameIndex] ON [AspNetRoles] ([NormalizedName]) WHERE [NormalizedName] IS NOT NULL;
[2024-01-20 05:12:52.823 +01:00  INF]  Executed DbCommand (2ms) [Parameters=[], CommandType='"Text"', CommandTimeout='30']
CREATE INDEX [IX_AspNetUserClaims_UserId] ON [AspNetUserClaims] ([UserId]);
[2024-01-20 05:12:54.383 +01:00  INF]  Executed DbCommand (8ms) [Parameters=[], CommandType='"Text"', CommandTimeout='30']
CREATE INDEX [IX_AspNetUserLogins_UserId] ON [AspNetUserLogins] ([UserId]);
[2024-01-20 05:12:54.386 +01:00  INF]  Executed DbCommand (3ms) [Parameters=[], CommandType='"Text"', CommandTimeout='30']
CREATE INDEX [IX_AspNetUserRoles_RoleId] ON [AspNetUserRoles] ([RoleId]);
[2024-01-20 05:12:54.390 +01:00  INF]  Executed DbCommand (4ms) [Parameters=[], CommandType='"Text"', CommandTimeout='30']
CREATE INDEX [EmailIndex] ON [AspNetUsers] ([NormalizedEmail]);
[2024-01-20 05:12:54.392 +01:00  INF]  Executed DbCommand (2ms) [Parameters=[], CommandType='"Text"', CommandTimeout='30']
CREATE UNIQUE INDEX [UserNameIndex] ON [AspNetUsers] ([NormalizedUserName]) WHERE [NormalizedUserName] IS NOT NULL;
[2024-01-20 05:12:54.459 +01:00  INF]  Executed DbCommand (66ms) [Parameters=[], CommandType='"Text"', CommandTimeout='30']
CREATE INDEX [IX_ResultsTables_TrainingPlanId] ON [ResultsTables] ([TrainingPlanId]);
[2024-01-20 05:12:54.477 +01:00  INF]  Executed DbCommand (18ms) [Parameters=[], CommandType='"Text"', CommandTimeout='30']
CREATE INDEX [IX_TrainingPlans_CategoryId] ON [TrainingPlans] ([CategoryId]);
[2024-01-20 05:12:54.495 +01:00  INF]  Executed DbCommand (16ms) [Parameters=[], CommandType='"Text"', CommandTimeout='30']
INSERT INTO [__EFMigrationsHistory] ([MigrationId], [ProductVersion])
VALUES (N'20240120041201_commTrainMigrations', N'7.0.15');
[2024-01-20 05:13:22.209 +01:00  INF]  User profile is available. Using 'C:\Users\Domonkos\AppData\Local\ASP.NET\DataProtection-Keys' as key repository and Windows DPAPI to encrypt keys at rest.
[2024-01-20 05:13:40.563 +01:00  INF]  Executed DbCommand (4,324ms) [Parameters=[@__normalizedName_0='?' (Size = 256)], CommandType='"Text"', CommandTimeout='30']
SELECT TOP(1) [a].[Id], [a].[ConcurrencyStamp], [a].[Name], [a].[NormalizedName]
FROM [AspNetRoles] AS [a]
WHERE [a].[NormalizedName] = @__normalizedName_0
[2024-01-20 05:13:40.947 +01:00  INF]  Executed DbCommand (49ms) [Parameters=[@__normalizedName_0='?' (Size = 256)], CommandType='"Text"', CommandTimeout='30']
SELECT TOP(1) [a].[Id], [a].[ConcurrencyStamp], [a].[Name], [a].[NormalizedName]
FROM [AspNetRoles] AS [a]
WHERE [a].[NormalizedName] = @__normalizedName_0
[2024-01-20 05:13:42.489 +01:00  INF]  Executed DbCommand (872ms) [Parameters=[@p0='?' (Size = 450), @p1='?' (Size = 4000), @p2='?' (Size = 256), @p3='?' (Size = 256)], CommandType='"Text"', CommandTimeout='30']
SET IMPLICIT_TRANSACTIONS OFF;
SET NOCOUNT ON;
INSERT INTO [AspNetRoles] ([Id], [ConcurrencyStamp], [Name], [NormalizedName])
VALUES (@p0, @p1, @p2, @p3);
[2024-01-20 05:13:42.712 +01:00  INF]  Executed DbCommand (165ms) [Parameters=[@__normalizedName_0='?' (Size = 256)], CommandType='"Text"', CommandTimeout='30']
SELECT TOP(1) [a].[Id], [a].[ConcurrencyStamp], [a].[Name], [a].[NormalizedName]
FROM [AspNetRoles] AS [a]
WHERE [a].[NormalizedName] = @__normalizedName_0
[2024-01-20 05:13:42.739 +01:00  INF]  Executed DbCommand (14ms) [Parameters=[@__normalizedName_0='?' (Size = 256)], CommandType='"Text"', CommandTimeout='30']
SELECT TOP(1) [a].[Id], [a].[ConcurrencyStamp], [a].[Name], [a].[NormalizedName]
FROM [AspNetRoles] AS [a]
WHERE [a].[NormalizedName] = @__normalizedName_0
[2024-01-20 05:13:42.789 +01:00  INF]  Executed DbCommand (24ms) [Parameters=[@p0='?' (Size = 450), @p1='?' (Size = 4000), @p2='?' (Size = 256), @p3='?' (Size = 256)], CommandType='"Text"', CommandTimeout='30']
SET IMPLICIT_TRANSACTIONS OFF;
SET NOCOUNT ON;
INSERT INTO [AspNetRoles] ([Id], [ConcurrencyStamp], [Name], [NormalizedName])
VALUES (@p0, @p1, @p2, @p3);
[2024-01-20 05:13:45.110 +01:00  INF]  Now listening on: https://localhost:7282
[2024-01-20 05:13:45.113 +01:00  INF]  Now listening on: http://localhost:5282
[2024-01-20 05:13:45.120 +01:00  INF]  Application started. Press Ctrl+C to shut down.
[2024-01-20 05:13:45.123 +01:00  INF]  Hosting environment: Development
[2024-01-20 05:13:45.126 +01:00  INF]  Content root path: C:\Users\Domonkos\Documents\PPKE_ITK_tanulmanyok\Mernokinfo_MSC\5. félév\dotNET\dotNET_homework\MyHomework\CommunityTrainingAPI\CommunityTrainingApp\CommunityTrainingApp
[2024-01-20 05:13:53.537 +01:00  INF]  Request starting HTTP/2 GET https://localhost:7282/swagger/index.html - -
[2024-01-20 05:13:55.653 +01:00  INF]  Request finished HTTP/2 GET https://localhost:7282/swagger/index.html - - - 200 - text/html;charset=utf-8 2129.3335ms
[2024-01-20 05:13:55.684 +01:00  INF]  Request starting HTTP/2 GET https://localhost:7282/_framework/aspnetcore-browser-refresh.js - -
[2024-01-20 05:13:55.698 +01:00  INF]  Request finished HTTP/2 GET https://localhost:7282/_framework/aspnetcore-browser-refresh.js - - - 200 12372 application/javascript;+charset=utf-8 13.5926ms
[2024-01-20 05:13:55.715 +01:00  INF]  Request starting HTTP/2 GET https://localhost:7282/_vs/browserLink - -
[2024-01-20 05:13:56.253 +01:00  INF]  Request finished HTTP/2 GET https://localhost:7282/_vs/browserLink - - - 200 - text/javascript;+charset=UTF-8 538.5766ms
[2024-01-20 05:13:56.413 +01:00  INF]  Request starting HTTP/2 GET https://localhost:7282/swagger/v1/swagger.json - -
[2024-01-20 05:13:56.948 +01:00  INF]  Request finished HTTP/2 GET https://localhost:7282/swagger/v1/swagger.json - - - 200 - application/json;charset=utf-8 532.9217ms
[2024-01-20 05:14:10.406 +01:00  INF]  Request starting HTTP/2 GET https://localhost:7282/api/resultstables - -
[2024-01-20 05:14:10.751 +01:00  INF]  Executing endpoint 'CommunityTraining.API.Controllers.ResultsTableController.GetAll (CommunityTrainingAPI)'
[2024-01-20 05:14:10.883 +01:00  INF]  Route matched with {action = "GetAll", controller = "ResultsTable"}. Executing controller action with signature System.Threading.Tasks.Task`1[System.Collections.Generic.IEnumerable`1[CommunityTrainingAPI.ViewModels.ResultsTableRowVM]] GetAll(CommunityTrainingAPI.Filter.GenericQueryOptions`1[CommunityTrainingAPI.Filter.CommunityTrainingFilter]) on controller CommunityTraining.API.Controllers.ResultsTableController (CommunityTrainingAPI).
[2024-01-20 05:14:12.245 +01:00  INF]  GetAll called.
[2024-01-20 05:14:13.199 +01:00  INF]  Executed action CommunityTraining.API.Controllers.ResultsTableController.GetAll (CommunityTrainingAPI) in 2297.3504ms
[2024-01-20 05:14:13.206 +01:00  INF]  Executed endpoint 'CommunityTraining.API.Controllers.ResultsTableController.GetAll (CommunityTrainingAPI)'
[2024-01-20 05:14:13.216 +01:00  ERR]  An unhandled exception has occurred while executing the request.
System.NotImplementedException: The method or operation is not implemented.
   at CommunityTrainingAPI.Services.Implementations.ResultsTableService.GetAllResultsTablesAsync(GenericQueryOptions`1 options) in C:\Users\Domonkos\Documents\PPKE_ITK_tanulmanyok\Mernokinfo_MSC\5. félév\dotNET\dotNET_homework\MyHomework\CommunityTrainingAPI\CommunityTrainingApp\CommunityTrainingApp\Services\Implementations\ResultsTableService.cs:line 32
   at CommunityTraining.API.Controllers.ResultsTableController.GetAll(GenericQueryOptions`1 option) in C:\Users\Domonkos\Documents\PPKE_ITK_tanulmanyok\Mernokinfo_MSC\5. félév\dotNET\dotNET_homework\MyHomework\CommunityTrainingAPI\CommunityTrainingApp\CommunityTrainingApp\Controllers\ResultsTableController.cs:line 37
   at lambda_method97(Closure, Object)
   at Microsoft.AspNetCore.Mvc.Infrastructure.ActionMethodExecutor.AwaitableObjectResultExecutor.Execute(ActionContext actionContext, IActionResultTypeMapper mapper, ObjectMethodExecutor executor, Object controller, Object[] arguments)
   at Microsoft.AspNetCore.Mvc.Infrastructure.ControllerActionInvoker.<InvokeActionMethodAsync>g__Awaited|12_0(ControllerActionInvoker invoker, ValueTask`1 actionResultValueTask)
   at Microsoft.AspNetCore.Mvc.Infrastructure.ControllerActionInvoker.<InvokeNextActionFilterAsync>g__Awaited|10_0(ControllerActionInvoker invoker, Task lastTask, State next, Scope scope, Object state, Boolean isCompleted)
   at Microsoft.AspNetCore.Mvc.Infrastructure.ControllerActionInvoker.Rethrow(ActionExecutedContextSealed context)
   at Microsoft.AspNetCore.Mvc.Infrastructure.ControllerActionInvoker.Next(State& next, Scope& scope, Object& state, Boolean& isCompleted)
   at Microsoft.AspNetCore.Mvc.Infrastructure.ControllerActionInvoker.InvokeInnerFilterAsync()
--- End of stack trace from previous location ---
   at Microsoft.AspNetCore.Mvc.Infrastructure.ResourceInvoker.<InvokeFilterPipelineAsync>g__Awaited|20_0(ResourceInvoker invoker, Task lastTask, State next, Scope scope, Object state, Boolean isCompleted)
   at Microsoft.AspNetCore.Mvc.Infrastructure.ResourceInvoker.<InvokeAsync>g__Logged|17_1(ResourceInvoker invoker)
   at Microsoft.AspNetCore.Mvc.Infrastructure.ResourceInvoker.<InvokeAsync>g__Logged|17_1(ResourceInvoker invoker)
   at Microsoft.AspNetCore.Routing.EndpointMiddleware.<Invoke>g__AwaitRequestTask|6_0(Endpoint endpoint, Task requestTask, ILogger logger)
   at Microsoft.AspNetCore.Authorization.AuthorizationMiddleware.Invoke(HttpContext context)
   at Microsoft.AspNetCore.Authentication.AuthenticationMiddleware.Invoke(HttpContext context)
   at Swashbuckle.AspNetCore.SwaggerUI.SwaggerUIMiddleware.Invoke(HttpContext httpContext)
   at Swashbuckle.AspNetCore.Swagger.SwaggerMiddleware.Invoke(HttpContext httpContext, ISwaggerProvider swaggerProvider)
   at Microsoft.AspNetCore.Diagnostics.DeveloperExceptionPageMiddlewareImpl.Invoke(HttpContext context)
[2024-01-20 05:14:13.358 +01:00  INF]  Request finished HTTP/2 GET https://localhost:7282/api/resultstables - - - 500 - text/plain;+charset=utf-8 2951.6968ms
[2024-01-20 05:16:41.337 +01:00  INF]  Request starting HTTP/2 POST https://localhost:7282/api/Authentication/register application/json 79
[2024-01-20 05:16:41.555 +01:00  INF]  Executing endpoint 'CommunityTraining.API.Controllers.AuthenticationController.Register (CommunityTrainingAPI)'
[2024-01-20 05:16:41.698 +01:00  INF]  Route matched with {action = "Register", controller = "Authentication"}. Executing controller action with signature System.Threading.Tasks.Task`1[Microsoft.AspNetCore.Mvc.IActionResult] Register(CommunityTrainingAPI.Dtos.Authentication.RegisterDTO) on controller CommunityTraining.API.Controllers.AuthenticationController (CommunityTrainingAPI).
[2024-01-20 05:16:42.910 +01:00  INF]  Executed DbCommand (194ms) [Parameters=[@__normalizedUserName_0='?' (Size = 256)], CommandType='"Text"', CommandTimeout='30']
SELECT TOP(1) [a].[Id], [a].[AccessFailedCount], [a].[ConcurrencyStamp], [a].[Email], [a].[EmailConfirmed], [a].[LockoutEnabled], [a].[LockoutEnd], [a].[NormalizedEmail], [a].[NormalizedUserName], [a].[PasswordHash], [a].[PhoneNumber], [a].[PhoneNumberConfirmed], [a].[SecurityStamp], [a].[TwoFactorEnabled], [a].[UserName]
FROM [AspNetUsers] AS [a]
WHERE [a].[NormalizedUserName] = @__normalizedUserName_0
[2024-01-20 05:16:43.323 +01:00  INF]  Executed DbCommand (8ms) [Parameters=[@__normalizedUserName_0='?' (Size = 256)], CommandType='"Text"', CommandTimeout='30']
SELECT TOP(1) [a].[Id], [a].[AccessFailedCount], [a].[ConcurrencyStamp], [a].[Email], [a].[EmailConfirmed], [a].[LockoutEnabled], [a].[LockoutEnd], [a].[NormalizedEmail], [a].[NormalizedUserName], [a].[PasswordHash], [a].[PhoneNumber], [a].[PhoneNumberConfirmed], [a].[SecurityStamp], [a].[TwoFactorEnabled], [a].[UserName]
FROM [AspNetUsers] AS [a]
WHERE [a].[NormalizedUserName] = @__normalizedUserName_0
[2024-01-20 05:16:43.552 +01:00  INF]  Executed DbCommand (77ms) [Parameters=[@p0='?' (Size = 450), @p1='?' (DbType = Int32), @p2='?' (Size = 4000), @p3='?' (Size = 256), @p4='?' (DbType = Boolean), @p5='?' (DbType = Boolean), @p6='?' (DbType = DateTimeOffset), @p7='?' (Size = 256), @p8='?' (Size = 256), @p9='?' (Size = 4000), @p10='?' (Size = 4000), @p11='?' (DbType = Boolean), @p12='?' (Size = 4000), @p13='?' (DbType = Boolean), @p14='?' (Size = 256)], CommandType='"Text"', CommandTimeout='30']
SET IMPLICIT_TRANSACTIONS OFF;
SET NOCOUNT ON;
INSERT INTO [AspNetUsers] ([Id], [AccessFailedCount], [ConcurrencyStamp], [Email], [EmailConfirmed], [LockoutEnabled], [LockoutEnd], [NormalizedEmail], [NormalizedUserName], [PasswordHash], [PhoneNumber], [PhoneNumberConfirmed], [SecurityStamp], [TwoFactorEnabled], [UserName])
VALUES (@p0, @p1, @p2, @p3, @p4, @p5, @p6, @p7, @p8, @p9, @p10, @p11, @p12, @p13, @p14);
[2024-01-20 05:16:43.578 +01:00  INF]  Executing StatusCodeResult, setting HTTP status code 200
[2024-01-20 05:16:43.582 +01:00  INF]  Executed action CommunityTraining.API.Controllers.AuthenticationController.Register (CommunityTrainingAPI) in 1877.5511ms
[2024-01-20 05:16:43.586 +01:00  INF]  Executed endpoint 'CommunityTraining.API.Controllers.AuthenticationController.Register (CommunityTrainingAPI)'
[2024-01-20 05:16:43.606 +01:00  INF]  Request finished HTTP/2 POST https://localhost:7282/api/Authentication/register application/json 79 - 200 0 - 2288.9778ms
[2024-01-20 05:16:51.410 +01:00  INF]  Request starting HTTP/2 POST https://localhost:7282/api/Authentication/register application/json 79
[2024-01-20 05:16:51.425 +01:00  INF]  Executing endpoint 'CommunityTraining.API.Controllers.AuthenticationController.Register (CommunityTrainingAPI)'
[2024-01-20 05:16:51.429 +01:00  INF]  Route matched with {action = "Register", controller = "Authentication"}. Executing controller action with signature System.Threading.Tasks.Task`1[Microsoft.AspNetCore.Mvc.IActionResult] Register(CommunityTrainingAPI.Dtos.Authentication.RegisterDTO) on controller CommunityTraining.API.Controllers.AuthenticationController (CommunityTrainingAPI).
[2024-01-20 05:16:51.537 +01:00  INF]  Executed DbCommand (59ms) [Parameters=[@__normalizedUserName_0='?' (Size = 256)], CommandType='"Text"', CommandTimeout='30']
SELECT TOP(1) [a].[Id], [a].[AccessFailedCount], [a].[ConcurrencyStamp], [a].[Email], [a].[EmailConfirmed], [a].[LockoutEnabled], [a].[LockoutEnd], [a].[NormalizedEmail], [a].[NormalizedUserName], [a].[PasswordHash], [a].[PhoneNumber], [a].[PhoneNumberConfirmed], [a].[SecurityStamp], [a].[TwoFactorEnabled], [a].[UserName]
FROM [AspNetUsers] AS [a]
WHERE [a].[NormalizedUserName] = @__normalizedUserName_0
[2024-01-20 05:16:51.581 +01:00  INF]  Executing ObjectResult, writing value of type '<>f__AnonymousType0`2[[System.String, System.Private.CoreLib, Version=7.0.0.0, Culture=neutral, PublicKeyToken=7cec85d7bea7798e],[System.String, System.Private.CoreLib, Version=7.0.0.0, Culture=neutral, PublicKeyToken=7cec85d7bea7798e]]'.
[2024-01-20 05:16:51.615 +01:00  INF]  Executed action CommunityTraining.API.Controllers.AuthenticationController.Register (CommunityTrainingAPI) in 180.5305ms
[2024-01-20 05:16:51.618 +01:00  INF]  Executed endpoint 'CommunityTraining.API.Controllers.AuthenticationController.Register (CommunityTrainingAPI)'
[2024-01-20 05:16:51.620 +01:00  INF]  Request finished HTTP/2 POST https://localhost:7282/api/Authentication/register application/json 79 - 500 - application/json;+charset=utf-8 209.6591ms
[2024-01-20 05:17:00.474 +01:00  INF]  Request starting HTTP/2 POST https://localhost:7282/api/Authentication/register application/json 78
[2024-01-20 05:17:00.485 +01:00  INF]  Executing endpoint 'CommunityTraining.API.Controllers.AuthenticationController.Register (CommunityTrainingAPI)'
[2024-01-20 05:17:00.493 +01:00  INF]  Route matched with {action = "Register", controller = "Authentication"}. Executing controller action with signature System.Threading.Tasks.Task`1[Microsoft.AspNetCore.Mvc.IActionResult] Register(CommunityTrainingAPI.Dtos.Authentication.RegisterDTO) on controller CommunityTraining.API.Controllers.AuthenticationController (CommunityTrainingAPI).
[2024-01-20 05:17:00.506 +01:00  INF]  Executed DbCommand (3ms) [Parameters=[@__normalizedUserName_0='?' (Size = 256)], CommandType='"Text"', CommandTimeout='30']
SELECT TOP(1) [a].[Id], [a].[AccessFailedCount], [a].[ConcurrencyStamp], [a].[Email], [a].[EmailConfirmed], [a].[LockoutEnabled], [a].[LockoutEnd], [a].[NormalizedEmail], [a].[NormalizedUserName], [a].[PasswordHash], [a].[PhoneNumber], [a].[PhoneNumberConfirmed], [a].[SecurityStamp], [a].[TwoFactorEnabled], [a].[UserName]
FROM [AspNetUsers] AS [a]
WHERE [a].[NormalizedUserName] = @__normalizedUserName_0
[2024-01-20 05:17:00.612 +01:00  INF]  Executed DbCommand (2ms) [Parameters=[@__normalizedUserName_0='?' (Size = 256)], CommandType='"Text"', CommandTimeout='30']
SELECT TOP(1) [a].[Id], [a].[AccessFailedCount], [a].[ConcurrencyStamp], [a].[Email], [a].[EmailConfirmed], [a].[LockoutEnabled], [a].[LockoutEnd], [a].[NormalizedEmail], [a].[NormalizedUserName], [a].[PasswordHash], [a].[PhoneNumber], [a].[PhoneNumberConfirmed], [a].[SecurityStamp], [a].[TwoFactorEnabled], [a].[UserName]
FROM [AspNetUsers] AS [a]
WHERE [a].[NormalizedUserName] = @__normalizedUserName_0
[2024-01-20 05:17:00.627 +01:00  INF]  Executed DbCommand (4ms) [Parameters=[@p0='?' (Size = 450), @p1='?' (DbType = Int32), @p2='?' (Size = 4000), @p3='?' (Size = 256), @p4='?' (DbType = Boolean), @p5='?' (DbType = Boolean), @p6='?' (DbType = DateTimeOffset), @p7='?' (Size = 256), @p8='?' (Size = 256), @p9='?' (Size = 4000), @p10='?' (Size = 4000), @p11='?' (DbType = Boolean), @p12='?' (Size = 4000), @p13='?' (DbType = Boolean), @p14='?' (Size = 256)], CommandType='"Text"', CommandTimeout='30']
SET IMPLICIT_TRANSACTIONS OFF;
SET NOCOUNT ON;
INSERT INTO [AspNetUsers] ([Id], [AccessFailedCount], [ConcurrencyStamp], [Email], [EmailConfirmed], [LockoutEnabled], [LockoutEnd], [NormalizedEmail], [NormalizedUserName], [PasswordHash], [PhoneNumber], [PhoneNumberConfirmed], [SecurityStamp], [TwoFactorEnabled], [UserName])
VALUES (@p0, @p1, @p2, @p3, @p4, @p5, @p6, @p7, @p8, @p9, @p10, @p11, @p12, @p13, @p14);
[2024-01-20 05:17:00.636 +01:00  INF]  Executing StatusCodeResult, setting HTTP status code 200
[2024-01-20 05:17:00.637 +01:00  INF]  Executed action CommunityTraining.API.Controllers.AuthenticationController.Register (CommunityTrainingAPI) in 136.1142ms
[2024-01-20 05:17:00.639 +01:00  INF]  Executed endpoint 'CommunityTraining.API.Controllers.AuthenticationController.Register (CommunityTrainingAPI)'
[2024-01-20 05:17:00.641 +01:00  INF]  Request finished HTTP/2 POST https://localhost:7282/api/Authentication/register application/json 78 - 200 0 - 168.1994ms
[2024-01-20 05:17:06.864 +01:00  INF]  Request starting HTTP/2 POST https://localhost:7282/api/Authentication/register application/json 78
[2024-01-20 05:17:06.870 +01:00  INF]  Executing endpoint 'CommunityTraining.API.Controllers.AuthenticationController.Register (CommunityTrainingAPI)'
[2024-01-20 05:17:06.873 +01:00  INF]  Route matched with {action = "Register", controller = "Authentication"}. Executing controller action with signature System.Threading.Tasks.Task`1[Microsoft.AspNetCore.Mvc.IActionResult] Register(CommunityTrainingAPI.Dtos.Authentication.RegisterDTO) on controller CommunityTraining.API.Controllers.AuthenticationController (CommunityTrainingAPI).
[2024-01-20 05:17:06.899 +01:00  INF]  Executed DbCommand (14ms) [Parameters=[@__normalizedUserName_0='?' (Size = 256)], CommandType='"Text"', CommandTimeout='30']
SELECT TOP(1) [a].[Id], [a].[AccessFailedCount], [a].[ConcurrencyStamp], [a].[Email], [a].[EmailConfirmed], [a].[LockoutEnabled], [a].[LockoutEnd], [a].[NormalizedEmail], [a].[NormalizedUserName], [a].[PasswordHash], [a].[PhoneNumber], [a].[PhoneNumberConfirmed], [a].[SecurityStamp], [a].[TwoFactorEnabled], [a].[UserName]
FROM [AspNetUsers] AS [a]
WHERE [a].[NormalizedUserName] = @__normalizedUserName_0
[2024-01-20 05:17:07.008 +01:00  INF]  Executing ObjectResult, writing value of type '<>f__AnonymousType0`2[[System.String, System.Private.CoreLib, Version=7.0.0.0, Culture=neutral, PublicKeyToken=7cec85d7bea7798e],[System.String, System.Private.CoreLib, Version=7.0.0.0, Culture=neutral, PublicKeyToken=7cec85d7bea7798e]]'.
[2024-01-20 05:17:07.013 +01:00  INF]  Executed action CommunityTraining.API.Controllers.AuthenticationController.Register (CommunityTrainingAPI) in 134.6169ms
[2024-01-20 05:17:07.017 +01:00  INF]  Executed endpoint 'CommunityTraining.API.Controllers.AuthenticationController.Register (CommunityTrainingAPI)'
[2024-01-20 05:17:07.022 +01:00  INF]  Request finished HTTP/2 POST https://localhost:7282/api/Authentication/register application/json 78 - 500 - application/json;+charset=utf-8 157.3169ms
[2024-01-20 05:17:33.434 +01:00  INF]  Request starting HTTP/2 POST https://localhost:7282/api/Authentication/login application/json 43
[2024-01-20 05:17:33.438 +01:00  INF]  Executing endpoint 'CommunityTraining.API.Controllers.AuthenticationController.Login (CommunityTrainingAPI)'
[2024-01-20 05:17:33.447 +01:00  INF]  Route matched with {action = "Login", controller = "Authentication"}. Executing controller action with signature System.Threading.Tasks.Task`1[Microsoft.AspNetCore.Mvc.IActionResult] Login(CommunityTrainingAPI.Dtos.Authentication.LoginDTO) on controller CommunityTraining.API.Controllers.AuthenticationController (CommunityTrainingAPI).
[2024-01-20 05:17:33.480 +01:00  INF]  Executed DbCommand (3ms) [Parameters=[@__normalizedUserName_0='?' (Size = 256)], CommandType='"Text"', CommandTimeout='30']
SELECT TOP(1) [a].[Id], [a].[AccessFailedCount], [a].[ConcurrencyStamp], [a].[Email], [a].[EmailConfirmed], [a].[LockoutEnabled], [a].[LockoutEnd], [a].[NormalizedEmail], [a].[NormalizedUserName], [a].[PasswordHash], [a].[PhoneNumber], [a].[PhoneNumberConfirmed], [a].[SecurityStamp], [a].[TwoFactorEnabled], [a].[UserName]
FROM [AspNetUsers] AS [a]
WHERE [a].[NormalizedUserName] = @__normalizedUserName_0
[2024-01-20 05:17:33.622 +01:00  INF]  Executing ObjectResult, writing value of type 'Microsoft.AspNetCore.Mvc.ProblemDetails'.
[2024-01-20 05:17:33.630 +01:00  INF]  Executed action CommunityTraining.API.Controllers.AuthenticationController.Login (CommunityTrainingAPI) in 176.5668ms
[2024-01-20 05:17:33.632 +01:00  INF]  Executed endpoint 'CommunityTraining.API.Controllers.AuthenticationController.Login (CommunityTrainingAPI)'
[2024-01-20 05:17:33.636 +01:00  INF]  Request finished HTTP/2 POST https://localhost:7282/api/Authentication/login application/json 43 - 401 - application/problem+json;+charset=utf-8 201.7514ms
[2024-01-20 05:17:51.741 +01:00  INF]  Request starting HTTP/2 POST https://localhost:7282/api/Authentication/login application/json 52
[2024-01-20 05:17:51.747 +01:00  INF]  Executing endpoint 'CommunityTraining.API.Controllers.AuthenticationController.Login (CommunityTrainingAPI)'
[2024-01-20 05:17:51.759 +01:00  INF]  Route matched with {action = "Login", controller = "Authentication"}. Executing controller action with signature System.Threading.Tasks.Task`1[Microsoft.AspNetCore.Mvc.IActionResult] Login(CommunityTrainingAPI.Dtos.Authentication.LoginDTO) on controller CommunityTraining.API.Controllers.AuthenticationController (CommunityTrainingAPI).
[2024-01-20 05:17:51.776 +01:00  INF]  Executed DbCommand (7ms) [Parameters=[@__normalizedUserName_0='?' (Size = 256)], CommandType='"Text"', CommandTimeout='30']
SELECT TOP(1) [a].[Id], [a].[AccessFailedCount], [a].[ConcurrencyStamp], [a].[Email], [a].[EmailConfirmed], [a].[LockoutEnabled], [a].[LockoutEnd], [a].[NormalizedEmail], [a].[NormalizedUserName], [a].[PasswordHash], [a].[PhoneNumber], [a].[PhoneNumberConfirmed], [a].[SecurityStamp], [a].[TwoFactorEnabled], [a].[UserName]
FROM [AspNetUsers] AS [a]
WHERE [a].[NormalizedUserName] = @__normalizedUserName_0
[2024-01-20 05:17:52.266 +01:00  INF]  Executed DbCommand (20ms) [Parameters=[@__userId_0='?' (Size = 450)], CommandType='"Text"', CommandTimeout='30']
SELECT [a0].[Name]
FROM [AspNetUserRoles] AS [a]
INNER JOIN [AspNetRoles] AS [a0] ON [a].[RoleId] = [a0].[Id]
WHERE [a].[UserId] = @__userId_0
[2024-01-20 05:17:52.861 +01:00  INF]  Executed action CommunityTraining.API.Controllers.AuthenticationController.Login (CommunityTrainingAPI) in 1096.3769ms
[2024-01-20 05:17:52.868 +01:00  INF]  Executed endpoint 'CommunityTraining.API.Controllers.AuthenticationController.Login (CommunityTrainingAPI)'
[2024-01-20 05:17:52.878 +01:00  ERR]  An unhandled exception has occurred while executing the request.
System.ArgumentOutOfRangeException: IDX10720: Unable to create KeyedHashAlgorithm for algorithm 'HS256', the key size must be greater than: '256' bits, key has '248' bits. (Parameter 'keyBytes')
   at Microsoft.IdentityModel.Tokens.CryptoProviderFactory.ValidateKeySize(Byte[] keyBytes, String algorithm, Int32 expectedNumberOfBytes)
   at Microsoft.IdentityModel.Tokens.CryptoProviderFactory.CreateKeyedHashAlgorithm(Byte[] keyBytes, String algorithm)
   at Microsoft.IdentityModel.Tokens.SymmetricSignatureProvider.CreateKeyedHashAlgorithm()
   at Microsoft.IdentityModel.Tokens.DisposableObjectPool`1.CreateInstance()
   at Microsoft.IdentityModel.Tokens.DisposableObjectPool`1.Allocate()
   at Microsoft.IdentityModel.Tokens.SymmetricSignatureProvider.GetKeyedHashAlgorithm(Byte[] keyBytes, String algorithm)
   at Microsoft.IdentityModel.Tokens.SymmetricSignatureProvider.Sign(Byte[] input)
   at Microsoft.IdentityModel.JsonWebTokens.JwtTokenUtilities.CreateEncodedSignature(String input, SigningCredentials signingCredentials)
   at System.IdentityModel.Tokens.Jwt.JwtSecurityTokenHandler.WriteToken(SecurityToken token)
   at CommunityTraining.API.Controllers.AuthenticationController.Login(LoginDTO LoginDto) in C:\Users\Domonkos\Documents\PPKE_ITK_tanulmanyok\Mernokinfo_MSC\5. félév\dotNET\dotNET_homework\MyHomework\CommunityTrainingAPI\CommunityTrainingApp\CommunityTrainingApp\Controllers\AuthenticationController.cs:line 61
   at Microsoft.AspNetCore.Mvc.Infrastructure.ActionMethodExecutor.TaskOfIActionResultExecutor.Execute(ActionContext actionContext, IActionResultTypeMapper mapper, ObjectMethodExecutor executor, Object controller, Object[] arguments)
   at Microsoft.AspNetCore.Mvc.Infrastructure.ControllerActionInvoker.<InvokeActionMethodAsync>g__Awaited|12_0(ControllerActionInvoker invoker, ValueTask`1 actionResultValueTask)
   at Microsoft.AspNetCore.Mvc.Infrastructure.ControllerActionInvoker.<InvokeNextActionFilterAsync>g__Awaited|10_0(ControllerActionInvoker invoker, Task lastTask, State next, Scope scope, Object state, Boolean isCompleted)
   at Microsoft.AspNetCore.Mvc.Infrastructure.ControllerActionInvoker.Rethrow(ActionExecutedContextSealed context)
   at Microsoft.AspNetCore.Mvc.Infrastructure.ControllerActionInvoker.Next(State& next, Scope& scope, Object& state, Boolean& isCompleted)
   at Microsoft.AspNetCore.Mvc.Infrastructure.ControllerActionInvoker.<InvokeInnerFilterAsync>g__Awaited|13_0(ControllerActionInvoker invoker, Task lastTask, State next, Scope scope, Object state, Boolean isCompleted)
   at Microsoft.AspNetCore.Mvc.Infrastructure.ResourceInvoker.<InvokeFilterPipelineAsync>g__Awaited|20_0(ResourceInvoker invoker, Task lastTask, State next, Scope scope, Object state, Boolean isCompleted)
   at Microsoft.AspNetCore.Mvc.Infrastructure.ResourceInvoker.<InvokeAsync>g__Logged|17_1(ResourceInvoker invoker)
   at Microsoft.AspNetCore.Mvc.Infrastructure.ResourceInvoker.<InvokeAsync>g__Logged|17_1(ResourceInvoker invoker)
   at Microsoft.AspNetCore.Routing.EndpointMiddleware.<Invoke>g__AwaitRequestTask|6_0(Endpoint endpoint, Task requestTask, ILogger logger)
   at Microsoft.AspNetCore.Authorization.AuthorizationMiddleware.Invoke(HttpContext context)
   at Microsoft.AspNetCore.Authentication.AuthenticationMiddleware.Invoke(HttpContext context)
   at Swashbuckle.AspNetCore.SwaggerUI.SwaggerUIMiddleware.Invoke(HttpContext httpContext)
   at Swashbuckle.AspNetCore.Swagger.SwaggerMiddleware.Invoke(HttpContext httpContext, ISwaggerProvider swaggerProvider)
   at Microsoft.AspNetCore.Diagnostics.DeveloperExceptionPageMiddlewareImpl.Invoke(HttpContext context)
[2024-01-20 05:17:52.969 +01:00  INF]  Request finished HTTP/2 POST https://localhost:7282/api/Authentication/login application/json 52 - 500 - text/plain;+charset=utf-8 1228.3248ms
[2024-01-20 05:19:35.907 +01:00  INF]  Request starting HTTP/2 POST https://localhost:7282/api/Authentication/register application/json 84
[2024-01-20 05:19:36.013 +01:00  INF]  Executing endpoint 'CommunityTraining.API.Controllers.AuthenticationController.Register (CommunityTrainingAPI)'
[2024-01-20 05:19:36.032 +01:00  INF]  Route matched with {action = "Register", controller = "Authentication"}. Executing controller action with signature System.Threading.Tasks.Task`1[Microsoft.AspNetCore.Mvc.IActionResult] Register(CommunityTrainingAPI.Dtos.Authentication.RegisterDTO) on controller CommunityTraining.API.Controllers.AuthenticationController (CommunityTrainingAPI).
[2024-01-20 05:19:36.290 +01:00  INF]  Executed DbCommand (73ms) [Parameters=[@__normalizedUserName_0='?' (Size = 256)], CommandType='"Text"', CommandTimeout='30']
SELECT TOP(1) [a].[Id], [a].[AccessFailedCount], [a].[ConcurrencyStamp], [a].[Email], [a].[EmailConfirmed], [a].[LockoutEnabled], [a].[LockoutEnd], [a].[NormalizedEmail], [a].[NormalizedUserName], [a].[PasswordHash], [a].[PhoneNumber], [a].[PhoneNumberConfirmed], [a].[SecurityStamp], [a].[TwoFactorEnabled], [a].[UserName]
FROM [AspNetUsers] AS [a]
WHERE [a].[NormalizedUserName] = @__normalizedUserName_0
[2024-01-20 05:19:36.731 +01:00  INF]  Executed DbCommand (7ms) [Parameters=[@__normalizedUserName_0='?' (Size = 256)], CommandType='"Text"', CommandTimeout='30']
SELECT TOP(1) [a].[Id], [a].[AccessFailedCount], [a].[ConcurrencyStamp], [a].[Email], [a].[EmailConfirmed], [a].[LockoutEnabled], [a].[LockoutEnd], [a].[NormalizedEmail], [a].[NormalizedUserName], [a].[PasswordHash], [a].[PhoneNumber], [a].[PhoneNumberConfirmed], [a].[SecurityStamp], [a].[TwoFactorEnabled], [a].[UserName]
FROM [AspNetUsers] AS [a]
WHERE [a].[NormalizedUserName] = @__normalizedUserName_0
[2024-01-20 05:19:37.224 +01:00  INF]  Executed DbCommand (12ms) [Parameters=[@p0='?' (Size = 450), @p1='?' (DbType = Int32), @p2='?' (Size = 4000), @p3='?' (Size = 256), @p4='?' (DbType = Boolean), @p5='?' (DbType = Boolean), @p6='?' (DbType = DateTimeOffset), @p7='?' (Size = 256), @p8='?' (Size = 256), @p9='?' (Size = 4000), @p10='?' (Size = 4000), @p11='?' (DbType = Boolean), @p12='?' (Size = 4000), @p13='?' (DbType = Boolean), @p14='?' (Size = 256)], CommandType='"Text"', CommandTimeout='30']
SET IMPLICIT_TRANSACTIONS OFF;
SET NOCOUNT ON;
INSERT INTO [AspNetUsers] ([Id], [AccessFailedCount], [ConcurrencyStamp], [Email], [EmailConfirmed], [LockoutEnabled], [LockoutEnd], [NormalizedEmail], [NormalizedUserName], [PasswordHash], [PhoneNumber], [PhoneNumberConfirmed], [SecurityStamp], [TwoFactorEnabled], [UserName])
VALUES (@p0, @p1, @p2, @p3, @p4, @p5, @p6, @p7, @p8, @p9, @p10, @p11, @p12, @p13, @p14);
[2024-01-20 05:19:37.238 +01:00  INF]  Executing StatusCodeResult, setting HTTP status code 200
[2024-01-20 05:19:37.242 +01:00  INF]  Executed action CommunityTraining.API.Controllers.AuthenticationController.Register (CommunityTrainingAPI) in 1203.9911ms
[2024-01-20 05:19:37.246 +01:00  INF]  Executed endpoint 'CommunityTraining.API.Controllers.AuthenticationController.Register (CommunityTrainingAPI)'
[2024-01-20 05:19:37.257 +01:00  INF]  Request finished HTTP/2 POST https://localhost:7282/api/Authentication/register application/json 84 - 200 0 - 1374.9899ms
[2024-01-20 05:19:52.673 +01:00  INF]  Request starting HTTP/2 POST https://localhost:7282/api/Authentication/login application/json 58
[2024-01-20 05:19:52.677 +01:00  INF]  Executing endpoint 'CommunityTraining.API.Controllers.AuthenticationController.Login (CommunityTrainingAPI)'
[2024-01-20 05:19:52.681 +01:00  INF]  Route matched with {action = "Login", controller = "Authentication"}. Executing controller action with signature System.Threading.Tasks.Task`1[Microsoft.AspNetCore.Mvc.IActionResult] Login(CommunityTrainingAPI.Dtos.Authentication.LoginDTO) on controller CommunityTraining.API.Controllers.AuthenticationController (CommunityTrainingAPI).
[2024-01-20 05:19:52.708 +01:00  INF]  Executed DbCommand (11ms) [Parameters=[@__normalizedUserName_0='?' (Size = 256)], CommandType='"Text"', CommandTimeout='30']
SELECT TOP(1) [a].[Id], [a].[AccessFailedCount], [a].[ConcurrencyStamp], [a].[Email], [a].[EmailConfirmed], [a].[LockoutEnabled], [a].[LockoutEnd], [a].[NormalizedEmail], [a].[NormalizedUserName], [a].[PasswordHash], [a].[PhoneNumber], [a].[PhoneNumberConfirmed], [a].[SecurityStamp], [a].[TwoFactorEnabled], [a].[UserName]
FROM [AspNetUsers] AS [a]
WHERE [a].[NormalizedUserName] = @__normalizedUserName_0
[2024-01-20 05:19:52.845 +01:00  INF]  Executed DbCommand (5ms) [Parameters=[@__userId_0='?' (Size = 450)], CommandType='"Text"', CommandTimeout='30']
SELECT [a0].[Name]
FROM [AspNetUserRoles] AS [a]
INNER JOIN [AspNetRoles] AS [a0] ON [a].[RoleId] = [a0].[Id]
WHERE [a].[UserId] = @__userId_0
[2024-01-20 05:19:53.061 +01:00  INF]  Executed action CommunityTraining.API.Controllers.AuthenticationController.Login (CommunityTrainingAPI) in 368.5267ms
[2024-01-20 05:19:53.068 +01:00  INF]  Executed endpoint 'CommunityTraining.API.Controllers.AuthenticationController.Login (CommunityTrainingAPI)'
[2024-01-20 05:19:53.075 +01:00  ERR]  An unhandled exception has occurred while executing the request.
System.ArgumentOutOfRangeException: IDX10720: Unable to create KeyedHashAlgorithm for algorithm 'HS256', the key size must be greater than: '256' bits, key has '248' bits. (Parameter 'keyBytes')
   at Microsoft.IdentityModel.Tokens.CryptoProviderFactory.ValidateKeySize(Byte[] keyBytes, String algorithm, Int32 expectedNumberOfBytes)
   at Microsoft.IdentityModel.Tokens.CryptoProviderFactory.CreateKeyedHashAlgorithm(Byte[] keyBytes, String algorithm)
   at Microsoft.IdentityModel.Tokens.SymmetricSignatureProvider.CreateKeyedHashAlgorithm()
   at Microsoft.IdentityModel.Tokens.DisposableObjectPool`1.CreateInstance()
   at Microsoft.IdentityModel.Tokens.DisposableObjectPool`1.Allocate()
   at Microsoft.IdentityModel.Tokens.SymmetricSignatureProvider.GetKeyedHashAlgorithm(Byte[] keyBytes, String algorithm)
   at Microsoft.IdentityModel.Tokens.SymmetricSignatureProvider.Sign(Byte[] input)
   at Microsoft.IdentityModel.JsonWebTokens.JwtTokenUtilities.CreateEncodedSignature(String input, SigningCredentials signingCredentials)
   at System.IdentityModel.Tokens.Jwt.JwtSecurityTokenHandler.WriteToken(SecurityToken token)
   at CommunityTraining.API.Controllers.AuthenticationController.Login(LoginDTO LoginDto) in C:\Users\Domonkos\Documents\PPKE_ITK_tanulmanyok\Mernokinfo_MSC\5. félév\dotNET\dotNET_homework\MyHomework\CommunityTrainingAPI\CommunityTrainingApp\CommunityTrainingApp\Controllers\AuthenticationController.cs:line 61
   at Microsoft.AspNetCore.Mvc.Infrastructure.ActionMethodExecutor.TaskOfIActionResultExecutor.Execute(ActionContext actionContext, IActionResultTypeMapper mapper, ObjectMethodExecutor executor, Object controller, Object[] arguments)
   at Microsoft.AspNetCore.Mvc.Infrastructure.ControllerActionInvoker.<InvokeActionMethodAsync>g__Awaited|12_0(ControllerActionInvoker invoker, ValueTask`1 actionResultValueTask)
   at Microsoft.AspNetCore.Mvc.Infrastructure.ControllerActionInvoker.<InvokeNextActionFilterAsync>g__Awaited|10_0(ControllerActionInvoker invoker, Task lastTask, State next, Scope scope, Object state, Boolean isCompleted)
   at Microsoft.AspNetCore.Mvc.Infrastructure.ControllerActionInvoker.Rethrow(ActionExecutedContextSealed context)
   at Microsoft.AspNetCore.Mvc.Infrastructure.ControllerActionInvoker.Next(State& next, Scope& scope, Object& state, Boolean& isCompleted)
   at Microsoft.AspNetCore.Mvc.Infrastructure.ControllerActionInvoker.<InvokeInnerFilterAsync>g__Awaited|13_0(ControllerActionInvoker invoker, Task lastTask, State next, Scope scope, Object state, Boolean isCompleted)
   at Microsoft.AspNetCore.Mvc.Infrastructure.ResourceInvoker.<InvokeFilterPipelineAsync>g__Awaited|20_0(ResourceInvoker invoker, Task lastTask, State next, Scope scope, Object state, Boolean isCompleted)
   at Microsoft.AspNetCore.Mvc.Infrastructure.ResourceInvoker.<InvokeAsync>g__Logged|17_1(ResourceInvoker invoker)
   at Microsoft.AspNetCore.Mvc.Infrastructure.ResourceInvoker.<InvokeAsync>g__Logged|17_1(ResourceInvoker invoker)
   at Microsoft.AspNetCore.Routing.EndpointMiddleware.<Invoke>g__AwaitRequestTask|6_0(Endpoint endpoint, Task requestTask, ILogger logger)
   at Microsoft.AspNetCore.Authorization.AuthorizationMiddleware.Invoke(HttpContext context)
   at Microsoft.AspNetCore.Authentication.AuthenticationMiddleware.Invoke(HttpContext context)
   at Swashbuckle.AspNetCore.SwaggerUI.SwaggerUIMiddleware.Invoke(HttpContext httpContext)
   at Swashbuckle.AspNetCore.Swagger.SwaggerMiddleware.Invoke(HttpContext httpContext, ISwaggerProvider swaggerProvider)
   at Microsoft.AspNetCore.Diagnostics.DeveloperExceptionPageMiddlewareImpl.Invoke(HttpContext context)
[2024-01-20 05:19:53.146 +01:00  INF]  Request finished HTTP/2 POST https://localhost:7282/api/Authentication/login application/json 58 - 500 - text/plain;+charset=utf-8 473.3339ms
[2024-01-20 05:21:52.747 +01:00  INF]  Request starting HTTP/2 POST https://localhost:7282/api/Authentication/register application/json 94
[2024-01-20 05:21:52.820 +01:00  INF]  Executing endpoint 'CommunityTraining.API.Controllers.AuthenticationController.Register (CommunityTrainingAPI)'
[2024-01-20 05:21:52.837 +01:00  INF]  Route matched with {action = "Register", controller = "Authentication"}. Executing controller action with signature System.Threading.Tasks.Task`1[Microsoft.AspNetCore.Mvc.IActionResult] Register(CommunityTrainingAPI.Dtos.Authentication.RegisterDTO) on controller CommunityTraining.API.Controllers.AuthenticationController (CommunityTrainingAPI).
[2024-01-20 05:21:53.037 +01:00  INF]  Executed DbCommand (34ms) [Parameters=[@__normalizedUserName_0='?' (Size = 256)], CommandType='"Text"', CommandTimeout='30']
SELECT TOP(1) [a].[Id], [a].[AccessFailedCount], [a].[ConcurrencyStamp], [a].[Email], [a].[EmailConfirmed], [a].[LockoutEnabled], [a].[LockoutEnd], [a].[NormalizedEmail], [a].[NormalizedUserName], [a].[PasswordHash], [a].[PhoneNumber], [a].[PhoneNumberConfirmed], [a].[SecurityStamp], [a].[TwoFactorEnabled], [a].[UserName]
FROM [AspNetUsers] AS [a]
WHERE [a].[NormalizedUserName] = @__normalizedUserName_0
[2024-01-20 05:21:53.197 +01:00  INF]  Executed DbCommand (7ms) [Parameters=[@__normalizedUserName_0='?' (Size = 256)], CommandType='"Text"', CommandTimeout='30']
SELECT TOP(1) [a].[Id], [a].[AccessFailedCount], [a].[ConcurrencyStamp], [a].[Email], [a].[EmailConfirmed], [a].[LockoutEnabled], [a].[LockoutEnd], [a].[NormalizedEmail], [a].[NormalizedUserName], [a].[PasswordHash], [a].[PhoneNumber], [a].[PhoneNumberConfirmed], [a].[SecurityStamp], [a].[TwoFactorEnabled], [a].[UserName]
FROM [AspNetUsers] AS [a]
WHERE [a].[NormalizedUserName] = @__normalizedUserName_0
[2024-01-20 05:21:53.242 +01:00  INF]  Executed DbCommand (10ms) [Parameters=[@p0='?' (Size = 450), @p1='?' (DbType = Int32), @p2='?' (Size = 4000), @p3='?' (Size = 256), @p4='?' (DbType = Boolean), @p5='?' (DbType = Boolean), @p6='?' (DbType = DateTimeOffset), @p7='?' (Size = 256), @p8='?' (Size = 256), @p9='?' (Size = 4000), @p10='?' (Size = 4000), @p11='?' (DbType = Boolean), @p12='?' (Size = 4000), @p13='?' (DbType = Boolean), @p14='?' (Size = 256)], CommandType='"Text"', CommandTimeout='30']
SET IMPLICIT_TRANSACTIONS OFF;
SET NOCOUNT ON;
INSERT INTO [AspNetUsers] ([Id], [AccessFailedCount], [ConcurrencyStamp], [Email], [EmailConfirmed], [LockoutEnabled], [LockoutEnd], [NormalizedEmail], [NormalizedUserName], [PasswordHash], [PhoneNumber], [PhoneNumberConfirmed], [SecurityStamp], [TwoFactorEnabled], [UserName])
VALUES (@p0, @p1, @p2, @p3, @p4, @p5, @p6, @p7, @p8, @p9, @p10, @p11, @p12, @p13, @p14);
[2024-01-20 05:21:53.252 +01:00  INF]  Executing StatusCodeResult, setting HTTP status code 200
[2024-01-20 05:21:53.254 +01:00  INF]  Executed action CommunityTraining.API.Controllers.AuthenticationController.Register (CommunityTrainingAPI) in 409.3542ms
[2024-01-20 05:21:53.258 +01:00  INF]  Executed endpoint 'CommunityTraining.API.Controllers.AuthenticationController.Register (CommunityTrainingAPI)'
[2024-01-20 05:21:53.261 +01:00  INF]  Request finished HTTP/2 POST https://localhost:7282/api/Authentication/register application/json 94 - 200 0 - 526.7936ms
[2024-01-20 05:22:11.462 +01:00  INF]  Request starting HTTP/2 POST https://localhost:7282/api/Authentication/login application/json 68
[2024-01-20 05:22:11.467 +01:00  INF]  Executing endpoint 'CommunityTraining.API.Controllers.AuthenticationController.Login (CommunityTrainingAPI)'
[2024-01-20 05:22:11.471 +01:00  INF]  Route matched with {action = "Login", controller = "Authentication"}. Executing controller action with signature System.Threading.Tasks.Task`1[Microsoft.AspNetCore.Mvc.IActionResult] Login(CommunityTrainingAPI.Dtos.Authentication.LoginDTO) on controller CommunityTraining.API.Controllers.AuthenticationController (CommunityTrainingAPI).
[2024-01-20 05:22:11.499 +01:00  INF]  Executed DbCommand (13ms) [Parameters=[@__normalizedUserName_0='?' (Size = 256)], CommandType='"Text"', CommandTimeout='30']
SELECT TOP(1) [a].[Id], [a].[AccessFailedCount], [a].[ConcurrencyStamp], [a].[Email], [a].[EmailConfirmed], [a].[LockoutEnabled], [a].[LockoutEnd], [a].[NormalizedEmail], [a].[NormalizedUserName], [a].[PasswordHash], [a].[PhoneNumber], [a].[PhoneNumberConfirmed], [a].[SecurityStamp], [a].[TwoFactorEnabled], [a].[UserName]
FROM [AspNetUsers] AS [a]
WHERE [a].[NormalizedUserName] = @__normalizedUserName_0
[2024-01-20 05:22:11.645 +01:00  INF]  Executed DbCommand (5ms) [Parameters=[@__userId_0='?' (Size = 450)], CommandType='"Text"', CommandTimeout='30']
SELECT [a0].[Name]
FROM [AspNetUserRoles] AS [a]
INNER JOIN [AspNetRoles] AS [a0] ON [a].[RoleId] = [a0].[Id]
WHERE [a].[UserId] = @__userId_0
[2024-01-20 05:22:11.798 +01:00  INF]  Executed action CommunityTraining.API.Controllers.AuthenticationController.Login (CommunityTrainingAPI) in 320.8594ms
[2024-01-20 05:22:11.804 +01:00  INF]  Executed endpoint 'CommunityTraining.API.Controllers.AuthenticationController.Login (CommunityTrainingAPI)'
[2024-01-20 05:22:11.809 +01:00  ERR]  An unhandled exception has occurred while executing the request.
System.ArgumentOutOfRangeException: IDX10720: Unable to create KeyedHashAlgorithm for algorithm 'HS256', the key size must be greater than: '256' bits, key has '248' bits. (Parameter 'keyBytes')
   at Microsoft.IdentityModel.Tokens.CryptoProviderFactory.ValidateKeySize(Byte[] keyBytes, String algorithm, Int32 expectedNumberOfBytes)
   at Microsoft.IdentityModel.Tokens.CryptoProviderFactory.CreateKeyedHashAlgorithm(Byte[] keyBytes, String algorithm)
   at Microsoft.IdentityModel.Tokens.SymmetricSignatureProvider.CreateKeyedHashAlgorithm()
   at Microsoft.IdentityModel.Tokens.DisposableObjectPool`1.CreateInstance()
   at Microsoft.IdentityModel.Tokens.DisposableObjectPool`1.Allocate()
   at Microsoft.IdentityModel.Tokens.SymmetricSignatureProvider.GetKeyedHashAlgorithm(Byte[] keyBytes, String algorithm)
   at Microsoft.IdentityModel.Tokens.SymmetricSignatureProvider.Sign(Byte[] input)
   at Microsoft.IdentityModel.JsonWebTokens.JwtTokenUtilities.CreateEncodedSignature(String input, SigningCredentials signingCredentials)
   at System.IdentityModel.Tokens.Jwt.JwtSecurityTokenHandler.WriteToken(SecurityToken token)
   at CommunityTraining.API.Controllers.AuthenticationController.Login(LoginDTO LoginDto) in C:\Users\Domonkos\Documents\PPKE_ITK_tanulmanyok\Mernokinfo_MSC\5. félév\dotNET\dotNET_homework\MyHomework\CommunityTrainingAPI\CommunityTrainingApp\CommunityTrainingApp\Controllers\AuthenticationController.cs:line 61
   at Microsoft.AspNetCore.Mvc.Infrastructure.ActionMethodExecutor.TaskOfIActionResultExecutor.Execute(ActionContext actionContext, IActionResultTypeMapper mapper, ObjectMethodExecutor executor, Object controller, Object[] arguments)
   at Microsoft.AspNetCore.Mvc.Infrastructure.ControllerActionInvoker.<InvokeActionMethodAsync>g__Awaited|12_0(ControllerActionInvoker invoker, ValueTask`1 actionResultValueTask)
   at Microsoft.AspNetCore.Mvc.Infrastructure.ControllerActionInvoker.<InvokeNextActionFilterAsync>g__Awaited|10_0(ControllerActionInvoker invoker, Task lastTask, State next, Scope scope, Object state, Boolean isCompleted)
   at Microsoft.AspNetCore.Mvc.Infrastructure.ControllerActionInvoker.Rethrow(ActionExecutedContextSealed context)
   at Microsoft.AspNetCore.Mvc.Infrastructure.ControllerActionInvoker.Next(State& next, Scope& scope, Object& state, Boolean& isCompleted)
   at Microsoft.AspNetCore.Mvc.Infrastructure.ControllerActionInvoker.<InvokeInnerFilterAsync>g__Awaited|13_0(ControllerActionInvoker invoker, Task lastTask, State next, Scope scope, Object state, Boolean isCompleted)
   at Microsoft.AspNetCore.Mvc.Infrastructure.ResourceInvoker.<InvokeFilterPipelineAsync>g__Awaited|20_0(ResourceInvoker invoker, Task lastTask, State next, Scope scope, Object state, Boolean isCompleted)
   at Microsoft.AspNetCore.Mvc.Infrastructure.ResourceInvoker.<InvokeAsync>g__Logged|17_1(ResourceInvoker invoker)
   at Microsoft.AspNetCore.Mvc.Infrastructure.ResourceInvoker.<InvokeAsync>g__Logged|17_1(ResourceInvoker invoker)
   at Microsoft.AspNetCore.Routing.EndpointMiddleware.<Invoke>g__AwaitRequestTask|6_0(Endpoint endpoint, Task requestTask, ILogger logger)
   at Microsoft.AspNetCore.Authorization.AuthorizationMiddleware.Invoke(HttpContext context)
   at Microsoft.AspNetCore.Authentication.AuthenticationMiddleware.Invoke(HttpContext context)
   at Swashbuckle.AspNetCore.SwaggerUI.SwaggerUIMiddleware.Invoke(HttpContext httpContext)
   at Swashbuckle.AspNetCore.Swagger.SwaggerMiddleware.Invoke(HttpContext httpContext, ISwaggerProvider swaggerProvider)
   at Microsoft.AspNetCore.Diagnostics.DeveloperExceptionPageMiddlewareImpl.Invoke(HttpContext context)
[2024-01-20 05:22:11.866 +01:00  INF]  Request finished HTTP/2 POST https://localhost:7282/api/Authentication/login application/json 68 - 500 - text/plain;+charset=utf-8 405.1127ms
[2024-01-20 05:22:39.946 +01:00  INF]  Request starting HTTP/2 GET https://localhost:7282/api/resultstables/11 - -
[2024-01-20 05:22:39.987 +01:00  INF]  Executing endpoint 'CommunityTraining.API.Controllers.ResultsTableController.GetById (CommunityTrainingAPI)'
[2024-01-20 05:22:40.055 +01:00  INF]  Route matched with {action = "GetById", controller = "ResultsTable"}. Executing controller action with signature System.Threading.Tasks.Task`1[Microsoft.AspNetCore.Mvc.IActionResult] GetById(Int32) on controller CommunityTraining.API.Controllers.ResultsTableController (CommunityTrainingAPI).
[2024-01-20 05:22:40.721 +01:00  INF]  Executed action CommunityTraining.API.Controllers.ResultsTableController.GetById (CommunityTrainingAPI) in 661.0943ms
[2024-01-20 05:22:40.844 +01:00  INF]  Executed endpoint 'CommunityTraining.API.Controllers.ResultsTableController.GetById (CommunityTrainingAPI)'
[2024-01-20 05:22:40.874 +01:00  ERR]  An unhandled exception has occurred while executing the request.
System.NotImplementedException: The method or operation is not implemented.
   at CommunityTrainingAPI.Services.Implementations.ResultsTableService.GetResultsTableByIdAsync(Int32 id) in C:\Users\Domonkos\Documents\PPKE_ITK_tanulmanyok\Mernokinfo_MSC\5. félév\dotNET\dotNET_homework\MyHomework\CommunityTrainingAPI\CommunityTrainingApp\CommunityTrainingApp\Services\Implementations\ResultsTableService.cs:line 37
   at CommunityTraining.API.Controllers.ResultsTableController.GetById(Int32 id) in C:\Users\Domonkos\Documents\PPKE_ITK_tanulmanyok\Mernokinfo_MSC\5. félév\dotNET\dotNET_homework\MyHomework\CommunityTrainingAPI\CommunityTrainingApp\CommunityTrainingApp\Controllers\ResultsTableController.cs:line 44
   at Microsoft.AspNetCore.Mvc.Infrastructure.ActionMethodExecutor.TaskOfIActionResultExecutor.Execute(ActionContext actionContext, IActionResultTypeMapper mapper, ObjectMethodExecutor executor, Object controller, Object[] arguments)
   at Microsoft.AspNetCore.Mvc.Infrastructure.ControllerActionInvoker.<InvokeActionMethodAsync>g__Awaited|12_0(ControllerActionInvoker invoker, ValueTask`1 actionResultValueTask)
   at Microsoft.AspNetCore.Mvc.Infrastructure.ControllerActionInvoker.<InvokeNextActionFilterAsync>g__Awaited|10_0(ControllerActionInvoker invoker, Task lastTask, State next, Scope scope, Object state, Boolean isCompleted)
   at Microsoft.AspNetCore.Mvc.Infrastructure.ControllerActionInvoker.Rethrow(ActionExecutedContextSealed context)
   at Microsoft.AspNetCore.Mvc.Infrastructure.ControllerActionInvoker.Next(State& next, Scope& scope, Object& state, Boolean& isCompleted)
   at Microsoft.AspNetCore.Mvc.Infrastructure.ControllerActionInvoker.InvokeInnerFilterAsync()
--- End of stack trace from previous location ---
   at Microsoft.AspNetCore.Mvc.Infrastructure.ResourceInvoker.<InvokeFilterPipelineAsync>g__Awaited|20_0(ResourceInvoker invoker, Task lastTask, State next, Scope scope, Object state, Boolean isCompleted)
   at Microsoft.AspNetCore.Mvc.Infrastructure.ResourceInvoker.<InvokeAsync>g__Logged|17_1(ResourceInvoker invoker)
   at Microsoft.AspNetCore.Mvc.Infrastructure.ResourceInvoker.<InvokeAsync>g__Logged|17_1(ResourceInvoker invoker)
   at Microsoft.AspNetCore.Routing.EndpointMiddleware.<Invoke>g__AwaitRequestTask|6_0(Endpoint endpoint, Task requestTask, ILogger logger)
   at Microsoft.AspNetCore.Authorization.AuthorizationMiddleware.Invoke(HttpContext context)
   at Microsoft.AspNetCore.Authentication.AuthenticationMiddleware.Invoke(HttpContext context)
   at Swashbuckle.AspNetCore.SwaggerUI.SwaggerUIMiddleware.Invoke(HttpContext httpContext)
   at Swashbuckle.AspNetCore.Swagger.SwaggerMiddleware.Invoke(HttpContext httpContext, ISwaggerProvider swaggerProvider)
   at Microsoft.AspNetCore.Diagnostics.DeveloperExceptionPageMiddlewareImpl.Invoke(HttpContext context)
[2024-01-20 05:22:40.945 +01:00  INF]  Request finished HTTP/2 GET https://localhost:7282/api/resultstables/11 - - - 500 - text/plain;+charset=utf-8 996.8729ms
