[2024-01-21 22:46:59.574 +01:00  INF]  User profile is available. Using 'C:\Users\Domonkos\AppData\Local\ASP.NET\DataProtection-Keys' as key repository and Windows DPAPI to encrypt keys at rest.
[2024-01-21 22:47:04.082 +01:00  INF]  Executed DbCommand (170ms) [Parameters=[@__normalizedName_0='?' (Size = 256)], CommandType='"Text"', CommandTimeout='30']
SELECT TOP(1) [a].[Id], [a].[ConcurrencyStamp], [a].[Name], [a].[NormalizedName]
FROM [AspNetRoles] AS [a]
WHERE [a].[NormalizedName] = @__normalizedName_0
[2024-01-21 22:47:04.197 +01:00  INF]  Executed DbCommand (7ms) [Parameters=[@__normalizedName_0='?' (Size = 256)], CommandType='"Text"', CommandTimeout='30']
SELECT TOP(1) [a].[Id], [a].[ConcurrencyStamp], [a].[Name], [a].[NormalizedName]
FROM [AspNetRoles] AS [a]
WHERE [a].[NormalizedName] = @__normalizedName_0
[2024-01-21 22:47:04.999 +01:00  INF]  Now listening on: https://localhost:7282
[2024-01-21 22:47:05.001 +01:00  INF]  Now listening on: http://localhost:5282
[2024-01-21 22:47:05.004 +01:00  INF]  Application started. Press Ctrl+C to shut down.
[2024-01-21 22:47:05.006 +01:00  INF]  Hosting environment: Development
[2024-01-21 22:47:05.007 +01:00  INF]  Content root path: C:\Users\Domonkos\Documents\PPKE_ITK_tanulmanyok\Mernokinfo_MSC\5. félév\dotNET\dotNET_homework\MyHomework\CommunityTrainingAPI\CommunityTrainingApp\CommunityTrainingApp
[2024-01-21 22:47:10.849 +01:00  INF]  Request starting HTTP/2 GET https://localhost:7282/swagger/index.html - -
[2024-01-21 22:47:12.645 +01:00  INF]  Request finished HTTP/2 GET https://localhost:7282/swagger/index.html - - - 200 - text/html;charset=utf-8 1805.5758ms
[2024-01-21 22:47:12.740 +01:00  INF]  Request starting HTTP/2 GET https://localhost:7282/_framework/aspnetcore-browser-refresh.js - -
[2024-01-21 22:47:12.755 +01:00  INF]  Request finished HTTP/2 GET https://localhost:7282/_framework/aspnetcore-browser-refresh.js - - - 200 12372 application/javascript;+charset=utf-8 14.0084ms
[2024-01-21 22:47:12.893 +01:00  INF]  Request starting HTTP/2 GET https://localhost:7282/_vs/browserLink - -
[2024-01-21 22:47:13.020 +01:00  INF]  Request finished HTTP/2 GET https://localhost:7282/_vs/browserLink - - - 200 - text/javascript;+charset=UTF-8 127.1379ms
[2024-01-21 22:47:13.313 +01:00  INF]  Request starting HTTP/2 GET https://localhost:7282/swagger/v1/swagger.json - -
[2024-01-21 22:47:13.729 +01:00  INF]  Request finished HTTP/2 GET https://localhost:7282/swagger/v1/swagger.json - - - 200 - application/json;charset=utf-8 416.1178ms
[2024-01-21 22:49:38.185 +01:00  INF]  Request starting HTTP/2 GET https://localhost:7282/api/resultstables - -
[2024-01-21 22:49:40.027 +01:00  INF]  Executing endpoint 'CommunityTraining.API.Controllers.ResultsTableController.GetAll (CommunityTrainingAPI)'
[2024-01-21 22:49:41.323 +01:00  INF]  Route matched with {action = "GetAll", controller = "ResultsTable"}. Executing controller action with signature System.Threading.Tasks.Task`1[System.Collections.Generic.IEnumerable`1[CommunityTrainingAPI.ViewModels.ResultsTableRowVM]] GetAll(CommunityTrainingAPI.Filter.GenericQueryOptions`1[CommunityTrainingAPI.Filter.CommunityTrainingFilter]) on controller CommunityTraining.API.Controllers.ResultsTableController (CommunityTrainingAPI).
[2024-01-21 22:49:42.536 +01:00  INF]  GetAll called.
[2024-01-21 22:49:43.681 +01:00  INF]  Executed DbCommand (227ms) [Parameters=[@__p_0='?' (DbType = Int32), @__p_1='?' (DbType = Int32)], CommandType='"Text"', CommandTimeout='30']
SELECT [r].[Id], [r].[Name]
FROM [ResultsTables] AS [r]
ORDER BY [r].[Name]
OFFSET @__p_0 ROWS FETCH NEXT @__p_1 ROWS ONLY
[2024-01-21 22:49:43.728 +01:00  INF]  Executing ObjectResult, writing value of type 'System.Collections.Generic.List`1[[CommunityTrainingAPI.ViewModels.ResultsTableRowVM, CommunityTrainingAPI, Version=1.0.0.0, Culture=neutral, PublicKeyToken=null]]'.
[2024-01-21 22:49:43.796 +01:00  INF]  Executed action CommunityTraining.API.Controllers.ResultsTableController.GetAll (CommunityTrainingAPI) in 2451.1304ms
[2024-01-21 22:49:43.808 +01:00  INF]  Executed endpoint 'CommunityTraining.API.Controllers.ResultsTableController.GetAll (CommunityTrainingAPI)'
[2024-01-21 22:49:43.841 +01:00  INF]  Request finished HTTP/2 GET https://localhost:7282/api/resultstables - - - 200 - application/json;+charset=utf-8 5677.7186ms
[2024-01-21 23:40:25.350 +01:00  INF]  User profile is available. Using 'C:\Users\Domonkos\AppData\Local\ASP.NET\DataProtection-Keys' as key repository and Windows DPAPI to encrypt keys at rest.
[2024-01-21 23:40:38.189 +01:00  INF]  Executed DbCommand (1,228ms) [Parameters=[@__normalizedName_0='?' (Size = 256)], CommandType='"Text"', CommandTimeout='30']
SELECT TOP(1) [a].[Id], [a].[ConcurrencyStamp], [a].[Name], [a].[NormalizedName]
FROM [AspNetRoles] AS [a]
WHERE [a].[NormalizedName] = @__normalizedName_0
[2024-01-21 23:40:40.185 +01:00  INF]  Executed DbCommand (1,232ms) [Parameters=[@__normalizedName_0='?' (Size = 256)], CommandType='"Text"', CommandTimeout='30']
SELECT TOP(1) [a].[Id], [a].[ConcurrencyStamp], [a].[Name], [a].[NormalizedName]
FROM [AspNetRoles] AS [a]
WHERE [a].[NormalizedName] = @__normalizedName_0
[2024-01-21 23:40:42.039 +01:00  INF]  Now listening on: https://localhost:7282
[2024-01-21 23:40:42.053 +01:00  INF]  Now listening on: http://localhost:5282
[2024-01-21 23:40:42.067 +01:00  INF]  Application started. Press Ctrl+C to shut down.
[2024-01-21 23:40:42.083 +01:00  INF]  Hosting environment: Development
[2024-01-21 23:40:42.089 +01:00  INF]  Content root path: C:\Users\Domonkos\Documents\PPKE_ITK_tanulmanyok\Mernokinfo_MSC\5. félév\dotNET\dotNET_homework\MyHomework\CommunityTrainingAPI\CommunityTrainingApp\CommunityTrainingApp
[2024-01-21 23:40:53.890 +01:00  INF]  Request starting HTTP/2 GET https://localhost:7282/swagger/index.html - -
[2024-01-21 23:40:56.759 +01:00  INF]  Request finished HTTP/2 GET https://localhost:7282/swagger/index.html - - - 200 - text/html;charset=utf-8 2921.5117ms
[2024-01-21 23:40:56.847 +01:00  INF]  Request starting HTTP/2 GET https://localhost:7282/_framework/aspnetcore-browser-refresh.js - -
[2024-01-21 23:40:56.865 +01:00  INF]  Request finished HTTP/2 GET https://localhost:7282/_framework/aspnetcore-browser-refresh.js - - - 200 12372 application/javascript;+charset=utf-8 17.6060ms
[2024-01-21 23:40:56.927 +01:00  INF]  Request starting HTTP/2 GET https://localhost:7282/_vs/browserLink - -
[2024-01-21 23:40:57.271 +01:00  INF]  Request finished HTTP/2 GET https://localhost:7282/_vs/browserLink - - - 200 - text/javascript;+charset=UTF-8 344.3327ms
[2024-01-21 23:40:57.418 +01:00  INF]  Request starting HTTP/2 GET https://localhost:7282/swagger/v1/swagger.json - -
[2024-01-21 23:40:58.151 +01:00  INF]  Request finished HTTP/2 GET https://localhost:7282/swagger/v1/swagger.json - - - 200 - application/json;charset=utf-8 732.9575ms
[2024-01-21 23:41:55.467 +01:00  INF]  Request starting HTTP/2 POST https://localhost:7282/api/Authentication/login application/json 58
[2024-01-21 23:41:56.055 +01:00  INF]  Executing endpoint 'CommunityTrainingAPI.Controllers.AuthenticationController.Login (CommunityTrainingAPI)'
[2024-01-21 23:41:56.759 +01:00  INF]  Route matched with {action = "Login", controller = "Authentication"}. Executing controller action with signature System.Threading.Tasks.Task`1[Microsoft.AspNetCore.Mvc.IActionResult] Login(CommunityTrainingAPI.Dtos.Authentication.LoginDTO) on controller CommunityTrainingAPI.Controllers.AuthenticationController (CommunityTrainingAPI).
[2024-01-21 23:41:58.049 +01:00  INF]  Executed DbCommand (200ms) [Parameters=[@__normalizedUserName_0='?' (Size = 256)], CommandType='"Text"', CommandTimeout='30']
SELECT TOP(1) [a].[Id], [a].[AccessFailedCount], [a].[ConcurrencyStamp], [a].[Email], [a].[EmailConfirmed], [a].[LockoutEnabled], [a].[LockoutEnd], [a].[NormalizedEmail], [a].[NormalizedUserName], [a].[PasswordHash], [a].[PhoneNumber], [a].[PhoneNumberConfirmed], [a].[SecurityStamp], [a].[TwoFactorEnabled], [a].[UserName]
FROM [AspNetUsers] AS [a]
WHERE [a].[NormalizedUserName] = @__normalizedUserName_0
[2024-01-21 23:44:08.600 +01:00  INF]  User profile is available. Using 'C:\Users\Domonkos\AppData\Local\ASP.NET\DataProtection-Keys' as key repository and Windows DPAPI to encrypt keys at rest.
[2024-01-21 23:44:17.802 +01:00  INF]  Executed DbCommand (2,774ms) [Parameters=[@__normalizedName_0='?' (Size = 256)], CommandType='"Text"', CommandTimeout='30']
SELECT TOP(1) [a].[Id], [a].[ConcurrencyStamp], [a].[Name], [a].[NormalizedName]
FROM [AspNetRoles] AS [a]
WHERE [a].[NormalizedName] = @__normalizedName_0
[2024-01-21 23:44:18.308 +01:00  INF]  Executed DbCommand (24ms) [Parameters=[@__normalizedName_0='?' (Size = 256)], CommandType='"Text"', CommandTimeout='30']
SELECT TOP(1) [a].[Id], [a].[ConcurrencyStamp], [a].[Name], [a].[NormalizedName]
FROM [AspNetRoles] AS [a]
WHERE [a].[NormalizedName] = @__normalizedName_0
[2024-01-21 23:44:20.957 +01:00  INF]  Now listening on: https://localhost:7282
[2024-01-21 23:44:20.959 +01:00  INF]  Now listening on: http://localhost:5282
[2024-01-21 23:44:20.965 +01:00  INF]  Application started. Press Ctrl+C to shut down.
[2024-01-21 23:44:20.968 +01:00  INF]  Hosting environment: Development
[2024-01-21 23:44:20.971 +01:00  INF]  Content root path: C:\Users\Domonkos\Documents\PPKE_ITK_tanulmanyok\Mernokinfo_MSC\5. félév\dotNET\dotNET_homework\MyHomework\CommunityTrainingAPI\CommunityTrainingApp\CommunityTrainingApp
[2024-01-21 23:44:25.732 +01:00  INF]  Request starting HTTP/2 GET https://localhost:7282/swagger/index.html - -
[2024-01-21 23:44:29.129 +01:00  INF]  Request finished HTTP/2 GET https://localhost:7282/swagger/index.html - - - 200 - text/html;charset=utf-8 3404.3620ms
[2024-01-21 23:44:29.264 +01:00  INF]  Request starting HTTP/2 GET https://localhost:7282/_vs/browserLink - -
[2024-01-21 23:44:30.482 +01:00  INF]  Request starting HTTP/2 GET https://localhost:7282/_framework/aspnetcore-browser-refresh.js - -
[2024-01-21 23:44:30.580 +01:00  INF]  Request finished HTTP/2 GET https://localhost:7282/_framework/aspnetcore-browser-refresh.js - - - 200 12372 application/javascript;+charset=utf-8 98.0529ms
[2024-01-21 23:44:30.770 +01:00  INF]  Request finished HTTP/2 GET https://localhost:7282/_vs/browserLink - - - 200 - text/javascript;+charset=UTF-8 1505.7559ms
[2024-01-21 23:44:31.106 +01:00  INF]  Request starting HTTP/2 GET https://localhost:7282/swagger/v1/swagger.json - -
[2024-01-21 23:44:31.671 +01:00  INF]  Request finished HTTP/2 GET https://localhost:7282/swagger/v1/swagger.json - - - 200 - application/json;charset=utf-8 564.7062ms
[2024-01-21 23:44:51.567 +01:00  INF]  Request starting HTTP/2 POST https://localhost:7282/api/Authentication/register application/json 71
[2024-01-21 23:44:51.928 +01:00  INF]  Executing endpoint 'CommunityTrainingAPI.Controllers.AuthenticationController.Register (CommunityTrainingAPI)'
[2024-01-21 23:44:52.058 +01:00  INF]  Route matched with {action = "Register", controller = "Authentication"}. Executing controller action with signature System.Threading.Tasks.Task`1[Microsoft.AspNetCore.Mvc.IActionResult] Register(CommunityTrainingAPI.Dtos.Authentication.RegisterDTO) on controller CommunityTrainingAPI.Controllers.AuthenticationController (CommunityTrainingAPI).
[2024-01-21 23:44:52.584 +01:00  INF]  Executed DbCommand (46ms) [Parameters=[@__normalizedUserName_0='?' (Size = 256)], CommandType='"Text"', CommandTimeout='30']
SELECT TOP(1) [a].[Id], [a].[AccessFailedCount], [a].[ConcurrencyStamp], [a].[Email], [a].[EmailConfirmed], [a].[LockoutEnabled], [a].[LockoutEnd], [a].[NormalizedEmail], [a].[NormalizedUserName], [a].[PasswordHash], [a].[PhoneNumber], [a].[PhoneNumberConfirmed], [a].[SecurityStamp], [a].[TwoFactorEnabled], [a].[UserName]
FROM [AspNetUsers] AS [a]
WHERE [a].[NormalizedUserName] = @__normalizedUserName_0
[2024-01-21 23:44:52.637 +01:00  INF]  Executing ObjectResult, writing value of type '<>f__AnonymousType0`2[[System.String, System.Private.CoreLib, Version=7.0.0.0, Culture=neutral, PublicKeyToken=7cec85d7bea7798e],[System.String, System.Private.CoreLib, Version=7.0.0.0, Culture=neutral, PublicKeyToken=7cec85d7bea7798e]]'.
[2024-01-21 23:44:52.679 +01:00  INF]  Executed action CommunityTrainingAPI.Controllers.AuthenticationController.Register (CommunityTrainingAPI) in 611.1725ms
[2024-01-21 23:44:52.686 +01:00  INF]  Executed endpoint 'CommunityTrainingAPI.Controllers.AuthenticationController.Register (CommunityTrainingAPI)'
[2024-01-21 23:44:52.717 +01:00  INF]  Request finished HTTP/2 POST https://localhost:7282/api/Authentication/register application/json 71 - 500 - application/json;+charset=utf-8 1160.1388ms
[2024-01-21 23:45:41.591 +01:00  INF]  Request starting HTTP/2 POST https://localhost:7282/api/Authentication/login application/json 53
[2024-01-21 23:45:41.761 +01:00  INF]  Executing endpoint 'CommunityTrainingAPI.Controllers.AuthenticationController.Login (CommunityTrainingAPI)'
[2024-01-21 23:45:41.899 +01:00  INF]  Route matched with {action = "Login", controller = "Authentication"}. Executing controller action with signature System.Threading.Tasks.Task`1[Microsoft.AspNetCore.Mvc.IActionResult] Login(CommunityTrainingAPI.Dtos.Authentication.LoginDTO) on controller CommunityTrainingAPI.Controllers.AuthenticationController (CommunityTrainingAPI).
[2024-01-21 23:45:43.002 +01:00  INF]  Executed DbCommand (706ms) [Parameters=[@__normalizedUserName_0='?' (Size = 256)], CommandType='"Text"', CommandTimeout='30']
SELECT TOP(1) [a].[Id], [a].[AccessFailedCount], [a].[ConcurrencyStamp], [a].[Email], [a].[EmailConfirmed], [a].[LockoutEnabled], [a].[LockoutEnd], [a].[NormalizedEmail], [a].[NormalizedUserName], [a].[PasswordHash], [a].[PhoneNumber], [a].[PhoneNumberConfirmed], [a].[SecurityStamp], [a].[TwoFactorEnabled], [a].[UserName]
FROM [AspNetUsers] AS [a]
WHERE [a].[NormalizedUserName] = @__normalizedUserName_0
[2024-01-21 23:45:43.040 +01:00  INF]  Executing ObjectResult, writing value of type 'Microsoft.AspNetCore.Mvc.ProblemDetails'.
[2024-01-21 23:45:43.082 +01:00  INF]  Executed action CommunityTrainingAPI.Controllers.AuthenticationController.Login (CommunityTrainingAPI) in 1176.5205ms
[2024-01-21 23:45:43.087 +01:00  INF]  Executed endpoint 'CommunityTrainingAPI.Controllers.AuthenticationController.Login (CommunityTrainingAPI)'
[2024-01-21 23:45:43.097 +01:00  INF]  Request finished HTTP/2 POST https://localhost:7282/api/Authentication/login application/json 53 - 401 - application/problem+json;+charset=utf-8 1524.0525ms
[2024-01-21 23:46:11.047 +01:00  INF]  Request starting HTTP/2 POST https://localhost:7282/api/Authentication/login application/json 58
[2024-01-21 23:46:11.086 +01:00  INF]  Executing endpoint 'CommunityTrainingAPI.Controllers.AuthenticationController.Login (CommunityTrainingAPI)'
[2024-01-21 23:46:11.105 +01:00  INF]  Route matched with {action = "Login", controller = "Authentication"}. Executing controller action with signature System.Threading.Tasks.Task`1[Microsoft.AspNetCore.Mvc.IActionResult] Login(CommunityTrainingAPI.Dtos.Authentication.LoginDTO) on controller CommunityTrainingAPI.Controllers.AuthenticationController (CommunityTrainingAPI).
[2024-01-21 23:46:11.214 +01:00  INF]  Executed DbCommand (25ms) [Parameters=[@__normalizedUserName_0='?' (Size = 256)], CommandType='"Text"', CommandTimeout='30']
SELECT TOP(1) [a].[Id], [a].[AccessFailedCount], [a].[ConcurrencyStamp], [a].[Email], [a].[EmailConfirmed], [a].[LockoutEnabled], [a].[LockoutEnd], [a].[NormalizedEmail], [a].[NormalizedUserName], [a].[PasswordHash], [a].[PhoneNumber], [a].[PhoneNumberConfirmed], [a].[SecurityStamp], [a].[TwoFactorEnabled], [a].[UserName]
FROM [AspNetUsers] AS [a]
WHERE [a].[NormalizedUserName] = @__normalizedUserName_0
[2024-01-21 23:46:11.974 +01:00  INF]  Executed DbCommand (25ms) [Parameters=[@__userId_0='?' (Size = 450)], CommandType='"Text"', CommandTimeout='30']
SELECT [a0].[Name]
FROM [AspNetUserRoles] AS [a]
INNER JOIN [AspNetRoles] AS [a0] ON [a].[RoleId] = [a0].[Id]
WHERE [a].[UserId] = @__userId_0
[2024-01-21 23:46:13.747 +01:00  INF]  Executed action CommunityTrainingAPI.Controllers.AuthenticationController.Login (CommunityTrainingAPI) in 2635.6548ms
[2024-01-21 23:46:13.754 +01:00  INF]  Executed endpoint 'CommunityTrainingAPI.Controllers.AuthenticationController.Login (CommunityTrainingAPI)'
[2024-01-21 23:46:13.782 +01:00  ERR]  An unhandled exception has occurred while executing the request.
System.ArgumentOutOfRangeException: IDX10720: Unable to create KeyedHashAlgorithm for algorithm 'HS256', the key size must be greater than: '256' bits, key has '248' bits. (Parameter 'keyBytes')
   at Microsoft.IdentityModel.Tokens.CryptoProviderFactory.ValidateKeySize(Byte[] keyBytes, String algorithm, Int32 expectedNumberOfBytes)
   at Microsoft.IdentityModel.Tokens.CryptoProviderFactory.CreateKeyedHashAlgorithm(Byte[] keyBytes, String algorithm)
   at Microsoft.IdentityModel.Tokens.SymmetricSignatureProvider.CreateKeyedHashAlgorithm()
   at Microsoft.IdentityModel.Tokens.DisposableObjectPool`1.CreateInstance()
   at Microsoft.IdentityModel.Tokens.DisposableObjectPool`1.Allocate()
   at Microsoft.IdentityModel.Tokens.SymmetricSignatureProvider.GetKeyedHashAlgorithm(Byte[] keyBytes, String algorithm)
   at Microsoft.IdentityModel.Tokens.SymmetricSignatureProvider.Sign(Byte[] input)
   at Microsoft.IdentityModel.JsonWebTokens.JwtTokenUtilities.CreateEncodedSignature(String input, SigningCredentials signingCredentials)
   at System.IdentityModel.Tokens.Jwt.JwtSecurityTokenHandler.WriteToken(SecurityToken token)
   at CommunityTrainingAPI.Controllers.AuthenticationController.Login(LoginDTO loginDto) in C:\Users\Domonkos\Documents\PPKE_ITK_tanulmanyok\Mernokinfo_MSC\5. félév\dotNET\dotNET_homework\MyHomework\CommunityTrainingAPI\CommunityTrainingApp\CommunityTrainingApp\Controllers\AuthenticationController.cs:line 58
   at Microsoft.AspNetCore.Mvc.Infrastructure.ActionMethodExecutor.TaskOfIActionResultExecutor.Execute(ActionContext actionContext, IActionResultTypeMapper mapper, ObjectMethodExecutor executor, Object controller, Object[] arguments)
   at Microsoft.AspNetCore.Mvc.Infrastructure.ControllerActionInvoker.<InvokeActionMethodAsync>g__Awaited|12_0(ControllerActionInvoker invoker, ValueTask`1 actionResultValueTask)
   at Microsoft.AspNetCore.Mvc.Infrastructure.ControllerActionInvoker.<InvokeNextActionFilterAsync>g__Awaited|10_0(ControllerActionInvoker invoker, Task lastTask, State next, Scope scope, Object state, Boolean isCompleted)
   at Microsoft.AspNetCore.Mvc.Infrastructure.ControllerActionInvoker.Rethrow(ActionExecutedContextSealed context)
   at Microsoft.AspNetCore.Mvc.Infrastructure.ControllerActionInvoker.Next(State& next, Scope& scope, Object& state, Boolean& isCompleted)
   at Microsoft.AspNetCore.Mvc.Infrastructure.ControllerActionInvoker.<InvokeInnerFilterAsync>g__Awaited|13_0(ControllerActionInvoker invoker, Task lastTask, State next, Scope scope, Object state, Boolean isCompleted)
   at Microsoft.AspNetCore.Mvc.Infrastructure.ResourceInvoker.<InvokeFilterPipelineAsync>g__Awaited|20_0(ResourceInvoker invoker, Task lastTask, State next, Scope scope, Object state, Boolean isCompleted)
   at Microsoft.AspNetCore.Mvc.Infrastructure.ResourceInvoker.<InvokeAsync>g__Logged|17_1(ResourceInvoker invoker)
   at Microsoft.AspNetCore.Mvc.Infrastructure.ResourceInvoker.<InvokeAsync>g__Logged|17_1(ResourceInvoker invoker)
   at Microsoft.AspNetCore.Routing.EndpointMiddleware.<Invoke>g__AwaitRequestTask|6_0(Endpoint endpoint, Task requestTask, ILogger logger)
   at Microsoft.AspNetCore.Authorization.AuthorizationMiddleware.Invoke(HttpContext context)
   at Microsoft.AspNetCore.Authentication.AuthenticationMiddleware.Invoke(HttpContext context)
   at Swashbuckle.AspNetCore.SwaggerUI.SwaggerUIMiddleware.Invoke(HttpContext httpContext)
   at Swashbuckle.AspNetCore.Swagger.SwaggerMiddleware.Invoke(HttpContext httpContext, ISwaggerProvider swaggerProvider)
   at Microsoft.AspNetCore.Diagnostics.DeveloperExceptionPageMiddlewareImpl.Invoke(HttpContext context)
[2024-01-21 23:46:13.974 +01:00  INF]  Request finished HTTP/2 POST https://localhost:7282/api/Authentication/login application/json 58 - 500 - text/plain;+charset=utf-8 2938.1137ms
